2022-11-30 14:47:35,800 INFO (Version.java:21)- HV000001: Hibernate Validator 6.1.6.Final
2022-11-30 14:47:35,808 INFO (StartupInfoLogger.java:55)- Starting BlogApplication using Java 11.0.17 on Bad-MacBook-Air.local with PID 70836 (/Users/anker/IdeaProjects/ve-blog/blog-springboot/app/target/classes started by anker in /Users/anker/IdeaProjects/ve-blog)
2022-11-30 14:47:35,809 INFO (SpringApplication.java:664)- The following profiles are active: dev,auth,msg,upload
2022-11-30 14:47:36,630 INFO (RepositoryConfigurationDelegate.java:250)- Multiple Spring Data modules found, entering strict repository configuration mode!
2022-11-30 14:47:36,631 INFO (RepositoryConfigurationDelegate.java:128)- Bootstrapping Spring Data Elasticsearch repositories in DEFAULT mode.
2022-11-30 14:47:36,697 INFO (RepositoryConfigurationDelegate.java:188)- Finished Spring Data repository scanning in 64 ms. Found 1 Elasticsearch repository interfaces.
2022-11-30 14:47:36,700 INFO (RepositoryConfigurationDelegate.java:250)- Multiple Spring Data modules found, entering strict repository configuration mode!
2022-11-30 14:47:36,700 INFO (RepositoryConfigurationDelegate.java:128)- Bootstrapping Spring Data Reactive Elasticsearch repositories in DEFAULT mode.
2022-11-30 14:47:36,712 INFO (RepositoryConfigurationDelegate.java:188)- Finished Spring Data repository scanning in 11 ms. Found 0 Reactive Elasticsearch repository interfaces.
2022-11-30 14:47:36,723 INFO (RepositoryConfigurationDelegate.java:250)- Multiple Spring Data modules found, entering strict repository configuration mode!
2022-11-30 14:47:36,723 INFO (RepositoryConfigurationDelegate.java:128)- Bootstrapping Spring Data Redis repositories in DEFAULT mode.
2022-11-30 14:47:36,741 INFO (RepositoryConfigurationExtensionSupport.java:349)- Spring Data Redis - Could not safely identify store assignment for repository candidate interface com.ve.blog.dao.ElasticsearchDao. If you want this repository to be a Redis repository, consider annotating your entities with one of these annotations: org.springframework.data.redis.core.RedisHash (preferred), or consider extending one of the following types with your repository: org.springframework.data.keyvalue.repository.KeyValueRepository.
2022-11-30 14:47:36,742 INFO (RepositoryConfigurationDelegate.java:188)- Finished Spring Data repository scanning in 13 ms. Found 0 Redis repository interfaces.
2022-11-30 14:47:36,818 WARN (Logger.java:44)- Skipping MapperFactoryBean with name 'elasticsearchDao' and 'com.ve.blog.dao.ElasticsearchDao' mapperInterface. Bean already defined with the same name!
2022-11-30 14:47:37,020 INFO (PostProcessorRegistrationDelegate.java:350)- Bean 'spring.datasource.dynamic-com.baomidou.dynamic.datasource.spring.boot.autoconfigure.DynamicDataSourceProperties' of type [com.baomidou.dynamic.datasource.spring.boot.autoconfigure.DynamicDataSourceProperties] is not eligible for getting processed by all BeanPostProcessors (for example: not eligible for auto-proxying)
2022-11-30 14:47:37,027 INFO (PostProcessorRegistrationDelegate.java:350)- Bean 'com.baomidou.dynamic.datasource.spring.boot.autoconfigure.DynamicDataSourceAutoConfiguration' of type [com.baomidou.dynamic.datasource.spring.boot.autoconfigure.DynamicDataSourceAutoConfiguration$$EnhancerBySpringCGLIB$$f4dd6d4] is not eligible for getting processed by all BeanPostProcessors (for example: not eligible for auto-proxying)
2022-11-30 14:47:37,040 INFO (PostProcessorRegistrationDelegate.java:350)- Bean 'dsProcessor' of type [com.baomidou.dynamic.datasource.processor.DsHeaderProcessor] is not eligible for getting processed by all BeanPostProcessors (for example: not eligible for auto-proxying)
2022-11-30 14:47:37,212 INFO (TomcatWebServer.java:108)- Tomcat initialized with port(s): 8088 (http)
2022-11-30 14:47:37,216 INFO (DirectJDKLog.java:173)- Initializing ProtocolHandler ["http-nio-8088"]
2022-11-30 14:47:37,217 INFO (DirectJDKLog.java:173)- Starting service [Tomcat]
2022-11-30 14:47:37,217 INFO (DirectJDKLog.java:173)- Starting Servlet engine: [Apache Tomcat/9.0.41]
2022-11-30 14:47:37,271 INFO (DirectJDKLog.java:173)- Initializing Spring embedded WebApplicationContext
2022-11-30 14:47:37,272 INFO (ServletWebServerApplicationContext.java:289)- Root WebApplicationContext: initialization completed in 1440 ms
2022-11-30 14:47:37,412 INFO (HikariDataSource.java:80)- master - Starting...
2022-11-30 14:47:37,752 INFO (HikariDataSource.java:82)- master - Start completed.
2022-11-30 14:47:37,754 INFO (HikariDataSource.java:80)- auth - Starting...
2022-11-30 14:47:37,782 INFO (HikariDataSource.java:82)- auth - Start completed.
2022-11-30 14:47:37,783 INFO (DynamicRoutingDataSource.java:148)- dynamic-datasource - add a datasource named [auth] success
2022-11-30 14:47:37,783 INFO (DynamicRoutingDataSource.java:148)- dynamic-datasource - add a datasource named [master] success
2022-11-30 14:47:37,783 INFO (DynamicRoutingDataSource.java:228)- dynamic-datasource initial loaded [2] datasource,primary datasource named [master]
2022-11-30 14:47:38,095 WARN (OpenApiExtensionResolver.java:144)- (Ignores) Failed to read Markdown files,Error Message:class path resource [markdowns/] cannot be resolved to URL because it does not exist 
2022-11-30 14:47:38,095 INFO (AutowiredAnnotationBeanPostProcessor.java:478)- Autowired annotation is not supported on static fields: public static java.lang.String com.ve.blog.config.Knife4jConfig.port
2022-11-30 14:47:38,956 WARN (CustomConversions.java:270)- Registering converter from class org.springframework.data.geo.Point to interface java.util.Map as writing converter although it doesn't convert to a store-supported type! You might want to check your annotation setup at the converter implementation.
2022-11-30 14:47:38,956 WARN (CustomConversions.java:260)- Registering converter from interface java.util.Map to class org.springframework.data.geo.Point as reading converter although it doesn't convert from a store-supported type! You might want to check your annotation setup at the converter implementation.
2022-11-30 14:47:38,956 WARN (CustomConversions.java:270)- Registering converter from class org.springframework.data.elasticsearch.core.geo.GeoPoint to interface java.util.Map as writing converter although it doesn't convert to a store-supported type! You might want to check your annotation setup at the converter implementation.
2022-11-30 14:47:38,956 WARN (CustomConversions.java:260)- Registering converter from interface java.util.Map to class org.springframework.data.elasticsearch.core.geo.GeoPoint as reading converter although it doesn't convert from a store-supported type! You might want to check your annotation setup at the converter implementation.
2022-11-30 14:47:38,956 WARN (CustomConversions.java:270)- Registering converter from interface org.springframework.data.elasticsearch.core.geo.GeoJson to interface java.util.Map as writing converter although it doesn't convert to a store-supported type! You might want to check your annotation setup at the converter implementation.
2022-11-30 14:47:38,956 WARN (CustomConversions.java:260)- Registering converter from interface java.util.Map to interface org.springframework.data.elasticsearch.core.geo.GeoJson as reading converter although it doesn't convert from a store-supported type! You might want to check your annotation setup at the converter implementation.
2022-11-30 14:47:38,956 WARN (CustomConversions.java:270)- Registering converter from class org.springframework.data.elasticsearch.core.geo.GeoJsonPoint to interface java.util.Map as writing converter although it doesn't convert to a store-supported type! You might want to check your annotation setup at the converter implementation.
2022-11-30 14:47:38,956 WARN (CustomConversions.java:260)- Registering converter from interface java.util.Map to class org.springframework.data.elasticsearch.core.geo.GeoJsonPoint as reading converter although it doesn't convert from a store-supported type! You might want to check your annotation setup at the converter implementation.
2022-11-30 14:47:38,956 WARN (CustomConversions.java:270)- Registering converter from class org.springframework.data.elasticsearch.core.geo.GeoJsonMultiPoint to interface java.util.Map as writing converter although it doesn't convert to a store-supported type! You might want to check your annotation setup at the converter implementation.
2022-11-30 14:47:38,957 WARN (CustomConversions.java:260)- Registering converter from interface java.util.Map to class org.springframework.data.elasticsearch.core.geo.GeoJsonMultiPoint as reading converter although it doesn't convert from a store-supported type! You might want to check your annotation setup at the converter implementation.
2022-11-30 14:47:38,957 WARN (CustomConversions.java:270)- Registering converter from class org.springframework.data.elasticsearch.core.geo.GeoJsonLineString to interface java.util.Map as writing converter although it doesn't convert to a store-supported type! You might want to check your annotation setup at the converter implementation.
2022-11-30 14:47:38,957 WARN (CustomConversions.java:260)- Registering converter from interface java.util.Map to class org.springframework.data.elasticsearch.core.geo.GeoJsonLineString as reading converter although it doesn't convert from a store-supported type! You might want to check your annotation setup at the converter implementation.
2022-11-30 14:47:38,957 WARN (CustomConversions.java:270)- Registering converter from class org.springframework.data.elasticsearch.core.geo.GeoJsonMultiLineString to interface java.util.Map as writing converter although it doesn't convert to a store-supported type! You might want to check your annotation setup at the converter implementation.
2022-11-30 14:47:38,957 WARN (CustomConversions.java:260)- Registering converter from interface java.util.Map to class org.springframework.data.elasticsearch.core.geo.GeoJsonMultiLineString as reading converter although it doesn't convert from a store-supported type! You might want to check your annotation setup at the converter implementation.
2022-11-30 14:47:38,957 WARN (CustomConversions.java:270)- Registering converter from class org.springframework.data.elasticsearch.core.geo.GeoJsonPolygon to interface java.util.Map as writing converter although it doesn't convert to a store-supported type! You might want to check your annotation setup at the converter implementation.
2022-11-30 14:47:38,957 WARN (CustomConversions.java:260)- Registering converter from interface java.util.Map to class org.springframework.data.elasticsearch.core.geo.GeoJsonPolygon as reading converter although it doesn't convert from a store-supported type! You might want to check your annotation setup at the converter implementation.
2022-11-30 14:47:38,957 WARN (CustomConversions.java:270)- Registering converter from class org.springframework.data.elasticsearch.core.geo.GeoJsonMultiPolygon to interface java.util.Map as writing converter although it doesn't convert to a store-supported type! You might want to check your annotation setup at the converter implementation.
2022-11-30 14:47:38,957 WARN (CustomConversions.java:260)- Registering converter from interface java.util.Map to class org.springframework.data.elasticsearch.core.geo.GeoJsonMultiPolygon as reading converter although it doesn't convert from a store-supported type! You might want to check your annotation setup at the converter implementation.
2022-11-30 14:47:38,957 WARN (CustomConversions.java:270)- Registering converter from class org.springframework.data.elasticsearch.core.geo.GeoJsonGeometryCollection to interface java.util.Map as writing converter although it doesn't convert to a store-supported type! You might want to check your annotation setup at the converter implementation.
2022-11-30 14:47:38,957 WARN (CustomConversions.java:260)- Registering converter from interface java.util.Map to class org.springframework.data.elasticsearch.core.geo.GeoJsonGeometryCollection as reading converter although it doesn't convert from a store-supported type! You might want to check your annotation setup at the converter implementation.
2022-11-30 14:47:38,990 INFO (VersionInfo.java:62)- Version Spring Data Elasticsearch: 4.1.2
2022-11-30 14:47:38,990 INFO (VersionInfo.java:63)- Version Elasticsearch Client in build: 7.9.3
2022-11-30 14:47:38,990 INFO (VersionInfo.java:64)- Version Elasticsearch Client used: 7.9.3
2022-11-30 14:47:39,057 WARN (SimpleElasticsearchRepository.java:96)- Cannot create index: Connection refused; nested exception is java.lang.RuntimeException: Connection refused
2022-11-30 14:47:39,530 INFO (WebMvcPropertySourcedRequestMappingHandlerMapping.java:69)- Mapped URL path [/v2/api-docs] onto method [springfox.documentation.swagger2.web.Swagger2ControllerWebMvc#getDocumentation(String, HttpServletRequest)]
2022-11-30 14:47:39,605 INFO (DefaultSecurityFilterChain.java:51)- Will secure Ant [pattern='/ws/**'] with []
2022-11-30 14:47:39,605 INFO (DefaultSecurityFilterChain.java:51)- Will secure Ant [pattern='/static/**'] with []
2022-11-30 14:47:39,605 INFO (DefaultSecurityFilterChain.java:51)- Will secure Ant [pattern='/css/**'] with []
2022-11-30 14:47:39,605 INFO (DefaultSecurityFilterChain.java:51)- Will secure Ant [pattern='/js/**'] with []
2022-11-30 14:47:39,605 INFO (DefaultSecurityFilterChain.java:51)- Will secure Ant [pattern='/index.html'] with []
2022-11-30 14:47:39,605 INFO (DefaultSecurityFilterChain.java:51)- Will secure Ant [pattern='/favicon.ico'] with []
2022-11-30 14:47:39,605 INFO (DefaultSecurityFilterChain.java:51)- Will secure Ant [pattern='/doc.html'] with []
2022-11-30 14:47:39,606 INFO (DefaultSecurityFilterChain.java:51)- Will secure Ant [pattern='/webjars/**'] with []
2022-11-30 14:47:39,606 INFO (DefaultSecurityFilterChain.java:51)- Will secure Ant [pattern='/swagger-resources/**'] with []
2022-11-30 14:47:39,606 INFO (DefaultSecurityFilterChain.java:51)- Will secure Ant [pattern='/v2/api-docs/**'] with []
2022-11-30 14:47:39,606 INFO (DefaultSecurityFilterChain.java:51)- Will secure Ant [pattern='/captcha'] with []
2022-11-30 14:47:39,606 INFO (DefaultSecurityFilterChain.java:51)- Will secure Ant [pattern='/hello'] with []
2022-11-30 14:47:39,606 INFO (DefaultSecurityFilterChain.java:51)- Will secure Ant [pattern='/public/**'] with []
2022-11-30 14:47:39,657 INFO (DefaultSecurityFilterChain.java:51)- Will secure any request with [org.springframework.security.web.context.request.async.WebAsyncManagerIntegrationFilter@79a88f45, org.springframework.security.web.context.SecurityContextPersistenceFilter@60147536, org.springframework.security.web.header.HeaderWriterFilter@31d09031, org.springframework.security.web.authentication.logout.LogoutFilter@318f47f1, org.springframework.security.web.authentication.UsernamePasswordAuthenticationFilter@900ffc4, org.springframework.security.web.session.ConcurrentSessionFilter@732ae29c, org.springframework.security.web.savedrequest.RequestCacheAwareFilter@50b010d4, org.springframework.security.web.servletapi.SecurityContextHolderAwareRequestFilter@5fa0943d, org.springframework.security.web.authentication.rememberme.RememberMeAuthenticationFilter@318beab4, org.springframework.security.web.authentication.AnonymousAuthenticationFilter@578483bd, org.springframework.security.web.session.SessionManagementFilter@106f0051, org.springframework.security.web.access.ExceptionTranslationFilter@3dceec83, org.springframework.security.web.access.intercept.FilterSecurityInterceptor@69c7fb94]
2022-11-30 14:47:39,737 INFO (ExecutorConfigurationSupport.java:181)- Initializing ExecutorService 'applicationTaskExecutor'
2022-11-30 14:47:39,933 INFO (ExecutorConfigurationSupport.java:181)- Initializing ExecutorService 'taskScheduler'
2022-11-30 14:47:40,019 INFO (DirectJDKLog.java:173)- Starting ProtocolHandler ["http-nio-8088"]
2022-11-30 14:47:40,025 INFO (TomcatWebServer.java:220)- Tomcat started on port(s): 8088 (http) with context path '/api'
2022-11-30 14:47:40,025 INFO (DocumentationPluginsBootstrapper.java:93)- Documentation plugins bootstrapped
2022-11-30 14:47:40,027 INFO (AbstractDocumentationPluginsBootstrapper.java:79)- Found 1 custom documentation plugin(s)
2022-11-30 14:47:40,051 INFO (ApiListingReferenceScanner.java:44)- Scanning for api listing references
2022-11-30 14:47:40,215 INFO (CachingOperationNameGenerator.java:41)- Generating unique operation named: savePhotoAlbumCoverUsingPOST_1
2022-11-30 14:47:40,296 INFO (AbstractConnectionFactory.java:636)- Attempting to connect to: [localhost:5672]
2022-11-30 14:47:40,474 INFO (AbstractConnectionFactory.java:589)- Created new connection: rabbitConnectionFactory#63e0057a:0/SimpleConnection@16a83016 [delegate=amqp://guest@127.0.0.1:5672/, localPort= 49602]
2022-11-30 14:47:40,555 INFO (StartupInfoLogger.java:61)- Started BlogApplication in 5.043 seconds (JVM running for 5.835)
2022-11-30 14:48:41,995 INFO (DirectJDKLog.java:173)- Initializing Spring DispatcherServlet 'dispatcherServlet'
2022-11-30 14:48:41,998 INFO (FrameworkServlet.java:525)- Initializing Servlet 'dispatcherServlet'
2022-11-30 14:48:42,012 INFO (FrameworkServlet.java:547)- Completed initialization in 14 ms
2022-11-30 14:48:42,455 INFO (LogUtil.java:32)- getAttributes(FilterInvocationSecurityMetadataSourceImpl.java:60) -->> 2.分析url需要的角色!
2022-11-30 14:48:42,457 INFO (LogUtil.java:32)- getAttributes(FilterInvocationSecurityMetadataSourceImpl.java:85) -->> 未匹配的 url:GET/api/error ，设置默认角色：游客
2022-11-30 14:51:29,180 INFO (LogUtil.java:32)- getAttributes(FilterInvocationSecurityMetadataSourceImpl.java:60) -->> 2.分析url需要的角色!
2022-11-30 14:51:29,183 INFO (LogUtil.java:32)- getAttributes(FilterInvocationSecurityMetadataSourceImpl.java:85) -->> 未匹配的 url:POST/api/users/login ，设置默认角色：游客
2022-11-30 14:51:29,337 INFO (LogUtil.java:32)- login(UserAuthServiceImpl.java:199) -->> 用户名：admin@qq.com
2022-11-30 14:51:29,338 INFO (LogUtil.java:32)- login(UserAuthServiceImpl.java:200) -->> 密码：1234567
2022-11-30 14:51:29,342 INFO (LogUtil.java:32)- loadUserByUsername(UserDetailsServiceImpl.java:58) -->> 认证：admin@qq.com
2022-11-30 14:51:29,504 INFO (LogUtil.java:32)- exceptionHandler(GlobalExceptionHandler.java:54) -->> POST
2022-11-30 14:51:29,504 INFO (LogUtil.java:32)- exceptionHandler(GlobalExceptionHandler.java:55) -->> /api
2022-11-30 14:51:29,504 INFO (LogUtil.java:32)- exceptionHandler(GlobalExceptionHandler.java:56) -->> 127.0.0.1
2022-11-30 14:58:20,094 WARN (HikariPool.java:787)- master - Thread starvation or clock leap detected (housekeeper delta=3m12s158ms).
2022-11-30 14:58:20,094 WARN (HikariPool.java:787)- auth - Thread starvation or clock leap detected (housekeeper delta=3m12s149ms).
2022-11-30 15:02:42,256 ERROR (TaskUtils.java:95)- Unexpected error occurred in scheduled task
org.springframework.jdbc.BadSqlGrammarException: 
### Error querying database.  Cause: java.sql.SQLSyntaxErrorException: Table 'auth.tb_user_auth' doesn't exist
### The error may exist in com/ve/blog/dao/UserAuthDao.java (best guess)
### The error may involve defaultParameterMap
### The error occurred while setting parameters
### SQL: SELECT   ip_source   FROM tb_user_auth
### Cause: java.sql.SQLSyntaxErrorException: Table 'auth.tb_user_auth' doesn't exist
; bad SQL grammar []; nested exception is java.sql.SQLSyntaxErrorException: Table 'auth.tb_user_auth' doesn't exist
	at org.springframework.jdbc.support.SQLErrorCodeSQLExceptionTranslator.doTranslate(SQLErrorCodeSQLExceptionTranslator.java:239)
	at org.springframework.jdbc.support.AbstractFallbackSQLExceptionTranslator.translate(AbstractFallbackSQLExceptionTranslator.java:70)
	at org.mybatis.spring.MyBatisExceptionTranslator.translateExceptionIfPossible(MyBatisExceptionTranslator.java:88)
	at org.mybatis.spring.SqlSessionTemplate$SqlSessionInterceptor.invoke(SqlSessionTemplate.java:440)
	at com.sun.proxy.$Proxy121.selectList(Unknown Source)
	at org.mybatis.spring.SqlSessionTemplate.selectList(SqlSessionTemplate.java:223)
	at com.baomidou.mybatisplus.core.override.MybatisMapperMethod.executeForMany(MybatisMapperMethod.java:173)
	at com.baomidou.mybatisplus.core.override.MybatisMapperMethod.execute(MybatisMapperMethod.java:78)
	at com.baomidou.mybatisplus.core.override.MybatisMapperProxy$PlainMethodInvoker.invoke(MybatisMapperProxy.java:148)
	at com.baomidou.mybatisplus.core.override.MybatisMapperProxy.invoke(MybatisMapperProxy.java:89)
	at com.sun.proxy.$Proxy122.selectList(Unknown Source)
	at java.base/jdk.internal.reflect.NativeMethodAccessorImpl.invoke0(Native Method)
	at java.base/jdk.internal.reflect.NativeMethodAccessorImpl.invoke(NativeMethodAccessorImpl.java:62)
	at java.base/jdk.internal.reflect.DelegatingMethodAccessorImpl.invoke(DelegatingMethodAccessorImpl.java:43)
	at java.base/java.lang.reflect.Method.invoke(Method.java:566)
	at org.springframework.aop.support.AopUtils.invokeJoinpointUsingReflection(AopUtils.java:344)
	at org.springframework.aop.framework.ReflectiveMethodInvocation.invokeJoinpoint(ReflectiveMethodInvocation.java:198)
	at org.springframework.aop.framework.ReflectiveMethodInvocation.proceed(ReflectiveMethodInvocation.java:163)
	at org.springframework.dao.support.PersistenceExceptionTranslationInterceptor.invoke(PersistenceExceptionTranslationInterceptor.java:137)
	at org.springframework.aop.framework.ReflectiveMethodInvocation.proceed(ReflectiveMethodInvocation.java:186)
	at org.springframework.aop.framework.JdkDynamicAopProxy.invoke(JdkDynamicAopProxy.java:215)
	at com.sun.proxy.$Proxy123.selectList(Unknown Source)
	at com.ve.blog.service.impl.UserAuthServiceImpl.statisticalUserArea(UserAuthServiceImpl.java:263)
	at com.ve.blog.service.impl.UserAuthServiceImpl$$FastClassBySpringCGLIB$$7de52727.invoke(<generated>)
	at org.springframework.cglib.proxy.MethodProxy.invoke(MethodProxy.java:218)
	at org.springframework.aop.framework.CglibAopProxy$CglibMethodInvocation.invokeJoinpoint(CglibAopProxy.java:771)
	at org.springframework.aop.framework.ReflectiveMethodInvocation.proceed(ReflectiveMethodInvocation.java:163)
	at org.springframework.aop.framework.CglibAopProxy$CglibMethodInvocation.proceed(CglibAopProxy.java:749)
	at com.baomidou.dynamic.datasource.aop.DynamicDataSourceAnnotationInterceptor.invoke(DynamicDataSourceAnnotationInterceptor.java:50)
	at org.springframework.aop.framework.ReflectiveMethodInvocation.proceed(ReflectiveMethodInvocation.java:186)
	at org.springframework.aop.framework.CglibAopProxy$CglibMethodInvocation.proceed(CglibAopProxy.java:749)
	at org.springframework.aop.framework.CglibAopProxy$DynamicAdvisedInterceptor.intercept(CglibAopProxy.java:691)
	at com.ve.blog.service.impl.UserAuthServiceImpl$$EnhancerBySpringCGLIB$$661bc9a7.statisticalUserArea(<generated>)
	at java.base/jdk.internal.reflect.NativeMethodAccessorImpl.invoke0(Native Method)
	at java.base/jdk.internal.reflect.NativeMethodAccessorImpl.invoke(NativeMethodAccessorImpl.java:62)
	at java.base/jdk.internal.reflect.DelegatingMethodAccessorImpl.invoke(DelegatingMethodAccessorImpl.java:43)
	at java.base/java.lang.reflect.Method.invoke(Method.java:566)
	at org.springframework.scheduling.support.ScheduledMethodRunnable.run(ScheduledMethodRunnable.java:84)
	at org.springframework.scheduling.support.DelegatingErrorHandlingRunnable.run(DelegatingErrorHandlingRunnable.java:54)
	at org.springframework.scheduling.concurrent.ReschedulingRunnable.run(ReschedulingRunnable.java:95)
	at java.base/java.util.concurrent.Executors$RunnableAdapter.call(Executors.java:515)
	at java.base/java.util.concurrent.FutureTask.run(FutureTask.java:264)
	at java.base/java.util.concurrent.ScheduledThreadPoolExecutor$ScheduledFutureTask.run(ScheduledThreadPoolExecutor.java:304)
	at java.base/java.util.concurrent.ThreadPoolExecutor.runWorker(ThreadPoolExecutor.java:1128)
	at java.base/java.util.concurrent.ThreadPoolExecutor$Worker.run(ThreadPoolExecutor.java:628)
	at java.base/java.lang.Thread.run(Thread.java:829)
Caused by: java.sql.SQLSyntaxErrorException: Table 'auth.tb_user_auth' doesn't exist
	at com.mysql.cj.jdbc.exceptions.SQLError.createSQLException(SQLError.java:120)
	at com.mysql.cj.jdbc.exceptions.SQLError.createSQLException(SQLError.java:97)
	at com.mysql.cj.jdbc.exceptions.SQLExceptionsMapping.translateException(SQLExceptionsMapping.java:122)
	at com.mysql.cj.jdbc.ClientPreparedStatement.executeInternal(ClientPreparedStatement.java:953)
	at com.mysql.cj.jdbc.ClientPreparedStatement.execute(ClientPreparedStatement.java:370)
	at com.zaxxer.hikari.pool.ProxyPreparedStatement.execute(ProxyPreparedStatement.java:44)
	at com.zaxxer.hikari.pool.HikariProxyPreparedStatement.execute(HikariProxyPreparedStatement.java)
	at java.base/jdk.internal.reflect.NativeMethodAccessorImpl.invoke0(Native Method)
	at java.base/jdk.internal.reflect.NativeMethodAccessorImpl.invoke(NativeMethodAccessorImpl.java:62)
	at java.base/jdk.internal.reflect.DelegatingMethodAccessorImpl.invoke(DelegatingMethodAccessorImpl.java:43)
	at java.base/java.lang.reflect.Method.invoke(Method.java:566)
	at org.apache.ibatis.logging.jdbc.PreparedStatementLogger.invoke(PreparedStatementLogger.java:59)
	at com.sun.proxy.$Proxy160.execute(Unknown Source)
	at org.apache.ibatis.executor.statement.PreparedStatementHandler.query(PreparedStatementHandler.java:64)
	at org.apache.ibatis.executor.statement.RoutingStatementHandler.query(RoutingStatementHandler.java:79)
	at java.base/jdk.internal.reflect.NativeMethodAccessorImpl.invoke0(Native Method)
	at java.base/jdk.internal.reflect.NativeMethodAccessorImpl.invoke(NativeMethodAccessorImpl.java:62)
	at java.base/jdk.internal.reflect.DelegatingMethodAccessorImpl.invoke(DelegatingMethodAccessorImpl.java:43)
	at java.base/java.lang.reflect.Method.invoke(Method.java:566)
	at org.apache.ibatis.plugin.Plugin.invoke(Plugin.java:63)
	at com.sun.proxy.$Proxy158.query(Unknown Source)
	at com.baomidou.mybatisplus.core.executor.MybatisSimpleExecutor.doQuery(MybatisSimpleExecutor.java:69)
	at org.apache.ibatis.executor.BaseExecutor.queryFromDatabase(BaseExecutor.java:325)
	at org.apache.ibatis.executor.BaseExecutor.query(BaseExecutor.java:156)
	at com.baomidou.mybatisplus.core.executor.MybatisCachingExecutor.query(MybatisCachingExecutor.java:165)
	at com.baomidou.mybatisplus.extension.plugins.MybatisPlusInterceptor.intercept(MybatisPlusInterceptor.java:64)
	at org.apache.ibatis.plugin.Plugin.invoke(Plugin.java:61)
	at com.sun.proxy.$Proxy157.query(Unknown Source)
	at org.apache.ibatis.session.defaults.DefaultSqlSession.selectList(DefaultSqlSession.java:147)
	at org.apache.ibatis.session.defaults.DefaultSqlSession.selectList(DefaultSqlSession.java:140)
	at java.base/jdk.internal.reflect.NativeMethodAccessorImpl.invoke0(Native Method)
	at java.base/jdk.internal.reflect.NativeMethodAccessorImpl.invoke(NativeMethodAccessorImpl.java:62)
	at java.base/jdk.internal.reflect.DelegatingMethodAccessorImpl.invoke(DelegatingMethodAccessorImpl.java:43)
	at java.base/java.lang.reflect.Method.invoke(Method.java:566)
	at org.mybatis.spring.SqlSessionTemplate$SqlSessionInterceptor.invoke(SqlSessionTemplate.java:426)
	... 42 common frames omitted
2022-11-30 15:05:56,249 WARN (HikariPool.java:787)- auth - Thread starvation or clock leap detected (housekeeper delta=3m6s119ms).
2022-11-30 15:05:56,251 WARN (HikariPool.java:787)- master - Thread starvation or clock leap detected (housekeeper delta=3m6s118ms).
2022-11-30 15:24:54,284 INFO (SimpleMessageListenerContainer.java:634)- Waiting for workers to finish.
2022-11-30 15:24:54,539 INFO (SimpleMessageListenerContainer.java:637)- Successfully waited for workers to finish.
2022-11-30 15:24:54,565 INFO (SimpleMessageListenerContainer.java:634)- Waiting for workers to finish.
2022-11-30 15:24:54,566 INFO (SimpleMessageListenerContainer.java:637)- Successfully waited for workers to finish.
2022-11-30 15:24:54,653 INFO (ExecutorConfigurationSupport.java:218)- Shutting down ExecutorService 'taskScheduler'
2022-11-30 15:24:54,656 INFO (AbstractMessageListenerContainer.java:1284)- Shutdown ignored - container is not active already
2022-11-30 15:24:54,656 INFO (AbstractMessageListenerContainer.java:1284)- Shutdown ignored - container is not active already
2022-11-30 15:24:54,656 INFO (ExecutorConfigurationSupport.java:218)- Shutting down ExecutorService 'applicationTaskExecutor'
2022-11-30 15:24:54,815 INFO (DynamicRoutingDataSource.java:205)- dynamic-datasource start closing ....
2022-11-30 15:24:54,817 INFO (HikariDataSource.java:350)- auth - Shutdown initiated...
2022-11-30 15:24:54,856 INFO (HikariDataSource.java:352)- auth - Shutdown completed.
2022-11-30 15:24:54,856 INFO (HikariDataSource.java:350)- master - Shutdown initiated...
2022-11-30 15:24:54,883 INFO (HikariDataSource.java:352)- master - Shutdown completed.
2022-11-30 15:24:54,883 INFO (DynamicRoutingDataSource.java:209)- dynamic-datasource all closed success,bye
2022-11-30 15:24:59,296 INFO (Version.java:21)- HV000001: Hibernate Validator 6.1.6.Final
2022-11-30 15:24:59,300 INFO (StartupInfoLogger.java:55)- Starting BlogApplication using Java 11.0.17 on Bad-MacBook-Air.local with PID 78369 (/Users/anker/IdeaProjects/ve-blog/blog-springboot/app/target/classes started by anker in /Users/anker/IdeaProjects/ve-blog)
2022-11-30 15:24:59,301 INFO (SpringApplication.java:664)- The following profiles are active: dev,auth,msg,upload
2022-11-30 15:24:59,926 INFO (RepositoryConfigurationDelegate.java:250)- Multiple Spring Data modules found, entering strict repository configuration mode!
2022-11-30 15:24:59,928 INFO (RepositoryConfigurationDelegate.java:128)- Bootstrapping Spring Data Elasticsearch repositories in DEFAULT mode.
2022-11-30 15:24:59,993 INFO (RepositoryConfigurationDelegate.java:188)- Finished Spring Data repository scanning in 62 ms. Found 1 Elasticsearch repository interfaces.
2022-11-30 15:24:59,995 INFO (RepositoryConfigurationDelegate.java:250)- Multiple Spring Data modules found, entering strict repository configuration mode!
2022-11-30 15:24:59,996 INFO (RepositoryConfigurationDelegate.java:128)- Bootstrapping Spring Data Reactive Elasticsearch repositories in DEFAULT mode.
2022-11-30 15:25:00,008 INFO (RepositoryConfigurationDelegate.java:188)- Finished Spring Data repository scanning in 11 ms. Found 0 Reactive Elasticsearch repository interfaces.
2022-11-30 15:25:00,016 INFO (RepositoryConfigurationDelegate.java:250)- Multiple Spring Data modules found, entering strict repository configuration mode!
2022-11-30 15:25:00,017 INFO (RepositoryConfigurationDelegate.java:128)- Bootstrapping Spring Data Redis repositories in DEFAULT mode.
2022-11-30 15:25:00,034 INFO (RepositoryConfigurationExtensionSupport.java:349)- Spring Data Redis - Could not safely identify store assignment for repository candidate interface com.ve.blog.dao.ElasticsearchDao. If you want this repository to be a Redis repository, consider annotating your entities with one of these annotations: org.springframework.data.redis.core.RedisHash (preferred), or consider extending one of the following types with your repository: org.springframework.data.keyvalue.repository.KeyValueRepository.
2022-11-30 15:25:00,034 INFO (RepositoryConfigurationDelegate.java:188)- Finished Spring Data repository scanning in 12 ms. Found 0 Redis repository interfaces.
2022-11-30 15:25:00,098 WARN (Logger.java:44)- Skipping MapperFactoryBean with name 'elasticsearchDao' and 'com.ve.blog.dao.ElasticsearchDao' mapperInterface. Bean already defined with the same name!
2022-11-30 15:25:00,261 INFO (PostProcessorRegistrationDelegate.java:350)- Bean 'spring.datasource.dynamic-com.baomidou.dynamic.datasource.spring.boot.autoconfigure.DynamicDataSourceProperties' of type [com.baomidou.dynamic.datasource.spring.boot.autoconfigure.DynamicDataSourceProperties] is not eligible for getting processed by all BeanPostProcessors (for example: not eligible for auto-proxying)
2022-11-30 15:25:00,270 INFO (PostProcessorRegistrationDelegate.java:350)- Bean 'com.baomidou.dynamic.datasource.spring.boot.autoconfigure.DynamicDataSourceAutoConfiguration' of type [com.baomidou.dynamic.datasource.spring.boot.autoconfigure.DynamicDataSourceAutoConfiguration$$EnhancerBySpringCGLIB$$f4dd6d4] is not eligible for getting processed by all BeanPostProcessors (for example: not eligible for auto-proxying)
2022-11-30 15:25:00,281 INFO (PostProcessorRegistrationDelegate.java:350)- Bean 'dsProcessor' of type [com.baomidou.dynamic.datasource.processor.DsHeaderProcessor] is not eligible for getting processed by all BeanPostProcessors (for example: not eligible for auto-proxying)
2022-11-30 15:25:00,425 INFO (TomcatWebServer.java:108)- Tomcat initialized with port(s): 8088 (http)
2022-11-30 15:25:00,429 INFO (DirectJDKLog.java:173)- Initializing ProtocolHandler ["http-nio-8088"]
2022-11-30 15:25:00,430 INFO (DirectJDKLog.java:173)- Starting service [Tomcat]
2022-11-30 15:25:00,430 INFO (DirectJDKLog.java:173)- Starting Servlet engine: [Apache Tomcat/9.0.41]
2022-11-30 15:25:00,477 INFO (DirectJDKLog.java:173)- Initializing Spring embedded WebApplicationContext
2022-11-30 15:25:00,477 INFO (ServletWebServerApplicationContext.java:289)- Root WebApplicationContext: initialization completed in 1158 ms
2022-11-30 15:25:00,614 INFO (HikariDataSource.java:80)- master - Starting...
2022-11-30 15:25:01,006 INFO (HikariDataSource.java:82)- master - Start completed.
2022-11-30 15:25:01,010 INFO (HikariDataSource.java:80)- auth - Starting...
2022-11-30 15:25:01,056 INFO (HikariDataSource.java:82)- auth - Start completed.
2022-11-30 15:25:01,057 INFO (DynamicRoutingDataSource.java:148)- dynamic-datasource - add a datasource named [auth] success
2022-11-30 15:25:01,057 INFO (DynamicRoutingDataSource.java:148)- dynamic-datasource - add a datasource named [master] success
2022-11-30 15:25:01,057 INFO (DynamicRoutingDataSource.java:228)- dynamic-datasource initial loaded [2] datasource,primary datasource named [master]
2022-11-30 15:25:01,430 WARN (OpenApiExtensionResolver.java:144)- (Ignores) Failed to read Markdown files,Error Message:class path resource [markdowns/] cannot be resolved to URL because it does not exist 
2022-11-30 15:25:01,431 INFO (AutowiredAnnotationBeanPostProcessor.java:478)- Autowired annotation is not supported on static fields: public static java.lang.String com.ve.blog.config.Knife4jConfig.port
2022-11-30 15:25:02,208 WARN (CustomConversions.java:270)- Registering converter from class org.springframework.data.geo.Point to interface java.util.Map as writing converter although it doesn't convert to a store-supported type! You might want to check your annotation setup at the converter implementation.
2022-11-30 15:25:02,208 WARN (CustomConversions.java:260)- Registering converter from interface java.util.Map to class org.springframework.data.geo.Point as reading converter although it doesn't convert from a store-supported type! You might want to check your annotation setup at the converter implementation.
2022-11-30 15:25:02,208 WARN (CustomConversions.java:270)- Registering converter from class org.springframework.data.elasticsearch.core.geo.GeoPoint to interface java.util.Map as writing converter although it doesn't convert to a store-supported type! You might want to check your annotation setup at the converter implementation.
2022-11-30 15:25:02,209 WARN (CustomConversions.java:260)- Registering converter from interface java.util.Map to class org.springframework.data.elasticsearch.core.geo.GeoPoint as reading converter although it doesn't convert from a store-supported type! You might want to check your annotation setup at the converter implementation.
2022-11-30 15:25:02,209 WARN (CustomConversions.java:270)- Registering converter from interface org.springframework.data.elasticsearch.core.geo.GeoJson to interface java.util.Map as writing converter although it doesn't convert to a store-supported type! You might want to check your annotation setup at the converter implementation.
2022-11-30 15:25:02,209 WARN (CustomConversions.java:260)- Registering converter from interface java.util.Map to interface org.springframework.data.elasticsearch.core.geo.GeoJson as reading converter although it doesn't convert from a store-supported type! You might want to check your annotation setup at the converter implementation.
2022-11-30 15:25:02,209 WARN (CustomConversions.java:270)- Registering converter from class org.springframework.data.elasticsearch.core.geo.GeoJsonPoint to interface java.util.Map as writing converter although it doesn't convert to a store-supported type! You might want to check your annotation setup at the converter implementation.
2022-11-30 15:25:02,209 WARN (CustomConversions.java:260)- Registering converter from interface java.util.Map to class org.springframework.data.elasticsearch.core.geo.GeoJsonPoint as reading converter although it doesn't convert from a store-supported type! You might want to check your annotation setup at the converter implementation.
2022-11-30 15:25:02,209 WARN (CustomConversions.java:270)- Registering converter from class org.springframework.data.elasticsearch.core.geo.GeoJsonMultiPoint to interface java.util.Map as writing converter although it doesn't convert to a store-supported type! You might want to check your annotation setup at the converter implementation.
2022-11-30 15:25:02,209 WARN (CustomConversions.java:260)- Registering converter from interface java.util.Map to class org.springframework.data.elasticsearch.core.geo.GeoJsonMultiPoint as reading converter although it doesn't convert from a store-supported type! You might want to check your annotation setup at the converter implementation.
2022-11-30 15:25:02,209 WARN (CustomConversions.java:270)- Registering converter from class org.springframework.data.elasticsearch.core.geo.GeoJsonLineString to interface java.util.Map as writing converter although it doesn't convert to a store-supported type! You might want to check your annotation setup at the converter implementation.
2022-11-30 15:25:02,209 WARN (CustomConversions.java:260)- Registering converter from interface java.util.Map to class org.springframework.data.elasticsearch.core.geo.GeoJsonLineString as reading converter although it doesn't convert from a store-supported type! You might want to check your annotation setup at the converter implementation.
2022-11-30 15:25:02,209 WARN (CustomConversions.java:270)- Registering converter from class org.springframework.data.elasticsearch.core.geo.GeoJsonMultiLineString to interface java.util.Map as writing converter although it doesn't convert to a store-supported type! You might want to check your annotation setup at the converter implementation.
2022-11-30 15:25:02,209 WARN (CustomConversions.java:260)- Registering converter from interface java.util.Map to class org.springframework.data.elasticsearch.core.geo.GeoJsonMultiLineString as reading converter although it doesn't convert from a store-supported type! You might want to check your annotation setup at the converter implementation.
2022-11-30 15:25:02,209 WARN (CustomConversions.java:270)- Registering converter from class org.springframework.data.elasticsearch.core.geo.GeoJsonPolygon to interface java.util.Map as writing converter although it doesn't convert to a store-supported type! You might want to check your annotation setup at the converter implementation.
2022-11-30 15:25:02,209 WARN (CustomConversions.java:260)- Registering converter from interface java.util.Map to class org.springframework.data.elasticsearch.core.geo.GeoJsonPolygon as reading converter although it doesn't convert from a store-supported type! You might want to check your annotation setup at the converter implementation.
2022-11-30 15:25:02,209 WARN (CustomConversions.java:270)- Registering converter from class org.springframework.data.elasticsearch.core.geo.GeoJsonMultiPolygon to interface java.util.Map as writing converter although it doesn't convert to a store-supported type! You might want to check your annotation setup at the converter implementation.
2022-11-30 15:25:02,209 WARN (CustomConversions.java:260)- Registering converter from interface java.util.Map to class org.springframework.data.elasticsearch.core.geo.GeoJsonMultiPolygon as reading converter although it doesn't convert from a store-supported type! You might want to check your annotation setup at the converter implementation.
2022-11-30 15:25:02,209 WARN (CustomConversions.java:270)- Registering converter from class org.springframework.data.elasticsearch.core.geo.GeoJsonGeometryCollection to interface java.util.Map as writing converter although it doesn't convert to a store-supported type! You might want to check your annotation setup at the converter implementation.
2022-11-30 15:25:02,210 WARN (CustomConversions.java:260)- Registering converter from interface java.util.Map to class org.springframework.data.elasticsearch.core.geo.GeoJsonGeometryCollection as reading converter although it doesn't convert from a store-supported type! You might want to check your annotation setup at the converter implementation.
2022-11-30 15:25:02,243 INFO (VersionInfo.java:62)- Version Spring Data Elasticsearch: 4.1.2
2022-11-30 15:25:02,243 INFO (VersionInfo.java:63)- Version Elasticsearch Client in build: 7.9.3
2022-11-30 15:25:02,243 INFO (VersionInfo.java:64)- Version Elasticsearch Client used: 7.9.3
2022-11-30 15:25:02,308 WARN (SimpleElasticsearchRepository.java:96)- Cannot create index: Connection refused; nested exception is java.lang.RuntimeException: Connection refused
2022-11-30 15:25:02,780 INFO (WebMvcPropertySourcedRequestMappingHandlerMapping.java:69)- Mapped URL path [/v2/api-docs] onto method [springfox.documentation.swagger2.web.Swagger2ControllerWebMvc#getDocumentation(String, HttpServletRequest)]
2022-11-30 15:25:02,853 INFO (DefaultSecurityFilterChain.java:51)- Will secure Ant [pattern='/ws/**'] with []
2022-11-30 15:25:02,853 INFO (DefaultSecurityFilterChain.java:51)- Will secure Ant [pattern='/static/**'] with []
2022-11-30 15:25:02,853 INFO (DefaultSecurityFilterChain.java:51)- Will secure Ant [pattern='/css/**'] with []
2022-11-30 15:25:02,853 INFO (DefaultSecurityFilterChain.java:51)- Will secure Ant [pattern='/js/**'] with []
2022-11-30 15:25:02,853 INFO (DefaultSecurityFilterChain.java:51)- Will secure Ant [pattern='/index.html'] with []
2022-11-30 15:25:02,854 INFO (DefaultSecurityFilterChain.java:51)- Will secure Ant [pattern='/favicon.ico'] with []
2022-11-30 15:25:02,854 INFO (DefaultSecurityFilterChain.java:51)- Will secure Ant [pattern='/doc.html'] with []
2022-11-30 15:25:02,854 INFO (DefaultSecurityFilterChain.java:51)- Will secure Ant [pattern='/webjars/**'] with []
2022-11-30 15:25:02,854 INFO (DefaultSecurityFilterChain.java:51)- Will secure Ant [pattern='/swagger-resources/**'] with []
2022-11-30 15:25:02,854 INFO (DefaultSecurityFilterChain.java:51)- Will secure Ant [pattern='/v2/api-docs/**'] with []
2022-11-30 15:25:02,854 INFO (DefaultSecurityFilterChain.java:51)- Will secure Ant [pattern='/captcha'] with []
2022-11-30 15:25:02,854 INFO (DefaultSecurityFilterChain.java:51)- Will secure Ant [pattern='/hello'] with []
2022-11-30 15:25:02,854 INFO (DefaultSecurityFilterChain.java:51)- Will secure Ant [pattern='/public/**'] with []
2022-11-30 15:25:02,963 INFO (DefaultSecurityFilterChain.java:51)- Will secure any request with [org.springframework.security.web.context.request.async.WebAsyncManagerIntegrationFilter@79a88f45, org.springframework.security.web.context.SecurityContextPersistenceFilter@60147536, org.springframework.security.web.header.HeaderWriterFilter@31d09031, org.springframework.security.web.authentication.logout.LogoutFilter@318f47f1, org.springframework.security.web.authentication.UsernamePasswordAuthenticationFilter@900ffc4, org.springframework.security.web.session.ConcurrentSessionFilter@732ae29c, org.springframework.security.web.savedrequest.RequestCacheAwareFilter@50b010d4, org.springframework.security.web.servletapi.SecurityContextHolderAwareRequestFilter@5fa0943d, org.springframework.security.web.authentication.rememberme.RememberMeAuthenticationFilter@318beab4, org.springframework.security.web.authentication.AnonymousAuthenticationFilter@578483bd, org.springframework.security.web.session.SessionManagementFilter@106f0051, org.springframework.security.web.access.ExceptionTranslationFilter@3dceec83, org.springframework.security.web.access.intercept.FilterSecurityInterceptor@69c7fb94]
2022-11-30 15:25:03,051 INFO (ExecutorConfigurationSupport.java:181)- Initializing ExecutorService 'applicationTaskExecutor'
2022-11-30 15:25:03,245 INFO (ExecutorConfigurationSupport.java:181)- Initializing ExecutorService 'taskScheduler'
2022-11-30 15:25:03,326 INFO (DirectJDKLog.java:173)- Starting ProtocolHandler ["http-nio-8088"]
2022-11-30 15:25:03,334 INFO (TomcatWebServer.java:220)- Tomcat started on port(s): 8088 (http) with context path '/api'
2022-11-30 15:25:03,335 INFO (DocumentationPluginsBootstrapper.java:93)- Documentation plugins bootstrapped
2022-11-30 15:25:03,336 INFO (AbstractDocumentationPluginsBootstrapper.java:79)- Found 1 custom documentation plugin(s)
2022-11-30 15:25:03,361 INFO (ApiListingReferenceScanner.java:44)- Scanning for api listing references
2022-11-30 15:25:03,541 INFO (CachingOperationNameGenerator.java:41)- Generating unique operation named: savePhotoAlbumCoverUsingPOST_1
2022-11-30 15:25:03,615 INFO (AbstractConnectionFactory.java:636)- Attempting to connect to: [localhost:5672]
2022-11-30 15:25:03,748 INFO (AbstractConnectionFactory.java:589)- Created new connection: rabbitConnectionFactory#63e0057a:0/SimpleConnection@16a83016 [delegate=amqp://guest@127.0.0.1:5672/, localPort= 50054]
2022-11-30 15:25:03,802 INFO (StartupInfoLogger.java:61)- Started BlogApplication in 4.756 seconds (JVM running for 5.429)
2022-11-30 15:25:13,244 INFO (DirectJDKLog.java:173)- Initializing Spring DispatcherServlet 'dispatcherServlet'
2022-11-30 15:25:13,246 INFO (FrameworkServlet.java:525)- Initializing Servlet 'dispatcherServlet'
2022-11-30 15:25:13,252 INFO (FrameworkServlet.java:547)- Completed initialization in 6 ms
2022-11-30 15:25:13,293 INFO (LogUtil.java:32)- getAttributes(FilterInvocationSecurityMetadataSourceImpl.java:60) -->> 2.分析url需要的角色!
2022-11-30 15:25:13,294 INFO (LogUtil.java:32)- getAttributes(FilterInvocationSecurityMetadataSourceImpl.java:85) -->> 未匹配的 url:POST/api/users/login ，设置默认角色：游客
2022-11-30 15:25:13,504 INFO (LogUtil.java:32)- login(UserAuthServiceImpl.java:199) -->> 用户名：admin@qq.com
2022-11-30 15:25:13,504 INFO (LogUtil.java:32)- login(UserAuthServiceImpl.java:200) -->> 密码：1234567
2022-11-30 15:25:13,506 INFO (LogUtil.java:32)- loadUserByUsername(UserDetailsServiceImpl.java:58) -->> 认证：admin@qq.com
2022-11-30 15:25:13,689 INFO (LogUtil.java:32)- exceptionHandler(GlobalExceptionHandler.java:54) -->> POST
2022-11-30 15:25:13,689 INFO (LogUtil.java:32)- exceptionHandler(GlobalExceptionHandler.java:55) -->> /api
2022-11-30 15:25:13,690 INFO (LogUtil.java:32)- exceptionHandler(GlobalExceptionHandler.java:56) -->> 127.0.0.1
2022-11-30 15:26:15,947 INFO (SimpleMessageListenerContainer.java:634)- Waiting for workers to finish.
2022-11-30 15:26:16,107 INFO (SimpleMessageListenerContainer.java:637)- Successfully waited for workers to finish.
2022-11-30 15:26:16,108 INFO (SimpleMessageListenerContainer.java:634)- Waiting for workers to finish.
2022-11-30 15:26:17,101 INFO (SimpleMessageListenerContainer.java:637)- Successfully waited for workers to finish.
2022-11-30 15:26:17,147 INFO (ExecutorConfigurationSupport.java:218)- Shutting down ExecutorService 'taskScheduler'
2022-11-30 15:26:17,149 INFO (AbstractMessageListenerContainer.java:1284)- Shutdown ignored - container is not active already
2022-11-30 15:26:17,149 INFO (AbstractMessageListenerContainer.java:1284)- Shutdown ignored - container is not active already
2022-11-30 15:26:17,149 INFO (ExecutorConfigurationSupport.java:218)- Shutting down ExecutorService 'applicationTaskExecutor'
2022-11-30 15:26:17,182 INFO (DynamicRoutingDataSource.java:205)- dynamic-datasource start closing ....
2022-11-30 15:26:17,182 INFO (HikariDataSource.java:350)- auth - Shutdown initiated...
2022-11-30 15:26:17,198 INFO (HikariDataSource.java:352)- auth - Shutdown completed.
2022-11-30 15:26:17,199 INFO (HikariDataSource.java:350)- master - Shutdown initiated...
2022-11-30 15:26:17,206 INFO (HikariDataSource.java:352)- master - Shutdown completed.
2022-11-30 15:26:17,206 INFO (DynamicRoutingDataSource.java:209)- dynamic-datasource all closed success,bye
2022-11-30 15:26:20,330 INFO (Version.java:21)- HV000001: Hibernate Validator 6.1.6.Final
2022-11-30 15:26:20,335 INFO (StartupInfoLogger.java:55)- Starting BlogApplication using Java 11.0.17 on Bad-MacBook-Air.local with PID 78783 (/Users/anker/IdeaProjects/ve-blog/blog-springboot/app/target/classes started by anker in /Users/anker/IdeaProjects/ve-blog)
2022-11-30 15:26:20,336 INFO (SpringApplication.java:664)- The following profiles are active: dev,auth,msg,upload
2022-11-30 15:26:20,872 INFO (RepositoryConfigurationDelegate.java:250)- Multiple Spring Data modules found, entering strict repository configuration mode!
2022-11-30 15:26:20,873 INFO (RepositoryConfigurationDelegate.java:128)- Bootstrapping Spring Data Elasticsearch repositories in DEFAULT mode.
2022-11-30 15:26:20,928 INFO (RepositoryConfigurationDelegate.java:188)- Finished Spring Data repository scanning in 53 ms. Found 1 Elasticsearch repository interfaces.
2022-11-30 15:26:20,931 INFO (RepositoryConfigurationDelegate.java:250)- Multiple Spring Data modules found, entering strict repository configuration mode!
2022-11-30 15:26:20,931 INFO (RepositoryConfigurationDelegate.java:128)- Bootstrapping Spring Data Reactive Elasticsearch repositories in DEFAULT mode.
2022-11-30 15:26:20,942 INFO (RepositoryConfigurationDelegate.java:188)- Finished Spring Data repository scanning in 10 ms. Found 0 Reactive Elasticsearch repository interfaces.
2022-11-30 15:26:20,950 INFO (RepositoryConfigurationDelegate.java:250)- Multiple Spring Data modules found, entering strict repository configuration mode!
2022-11-30 15:26:20,950 INFO (RepositoryConfigurationDelegate.java:128)- Bootstrapping Spring Data Redis repositories in DEFAULT mode.
2022-11-30 15:26:20,973 INFO (RepositoryConfigurationExtensionSupport.java:349)- Spring Data Redis - Could not safely identify store assignment for repository candidate interface com.ve.blog.dao.ElasticsearchDao. If you want this repository to be a Redis repository, consider annotating your entities with one of these annotations: org.springframework.data.redis.core.RedisHash (preferred), or consider extending one of the following types with your repository: org.springframework.data.keyvalue.repository.KeyValueRepository.
2022-11-30 15:26:20,973 INFO (RepositoryConfigurationDelegate.java:188)- Finished Spring Data repository scanning in 13 ms. Found 0 Redis repository interfaces.
2022-11-30 15:26:21,037 WARN (Logger.java:44)- Skipping MapperFactoryBean with name 'elasticsearchDao' and 'com.ve.blog.dao.ElasticsearchDao' mapperInterface. Bean already defined with the same name!
2022-11-30 15:26:21,204 INFO (PostProcessorRegistrationDelegate.java:350)- Bean 'spring.datasource.dynamic-com.baomidou.dynamic.datasource.spring.boot.autoconfigure.DynamicDataSourceProperties' of type [com.baomidou.dynamic.datasource.spring.boot.autoconfigure.DynamicDataSourceProperties] is not eligible for getting processed by all BeanPostProcessors (for example: not eligible for auto-proxying)
2022-11-30 15:26:21,208 INFO (PostProcessorRegistrationDelegate.java:350)- Bean 'com.baomidou.dynamic.datasource.spring.boot.autoconfigure.DynamicDataSourceAutoConfiguration' of type [com.baomidou.dynamic.datasource.spring.boot.autoconfigure.DynamicDataSourceAutoConfiguration$$EnhancerBySpringCGLIB$$8d530b84] is not eligible for getting processed by all BeanPostProcessors (for example: not eligible for auto-proxying)
2022-11-30 15:26:21,217 INFO (PostProcessorRegistrationDelegate.java:350)- Bean 'dsProcessor' of type [com.baomidou.dynamic.datasource.processor.DsHeaderProcessor] is not eligible for getting processed by all BeanPostProcessors (for example: not eligible for auto-proxying)
2022-11-30 15:26:21,364 INFO (TomcatWebServer.java:108)- Tomcat initialized with port(s): 8088 (http)
2022-11-30 15:26:21,368 INFO (DirectJDKLog.java:173)- Initializing ProtocolHandler ["http-nio-8088"]
2022-11-30 15:26:21,369 INFO (DirectJDKLog.java:173)- Starting service [Tomcat]
2022-11-30 15:26:21,369 INFO (DirectJDKLog.java:173)- Starting Servlet engine: [Apache Tomcat/9.0.41]
2022-11-30 15:26:21,416 INFO (DirectJDKLog.java:173)- Initializing Spring embedded WebApplicationContext
2022-11-30 15:26:21,416 INFO (ServletWebServerApplicationContext.java:289)- Root WebApplicationContext: initialization completed in 1058 ms
2022-11-30 15:26:21,547 INFO (HikariDataSource.java:80)- master - Starting...
2022-11-30 15:26:21,716 INFO (HikariDataSource.java:82)- master - Start completed.
2022-11-30 15:26:21,717 INFO (HikariDataSource.java:80)- auth - Starting...
2022-11-30 15:26:21,739 INFO (HikariDataSource.java:82)- auth - Start completed.
2022-11-30 15:26:21,739 INFO (DynamicRoutingDataSource.java:148)- dynamic-datasource - add a datasource named [auth] success
2022-11-30 15:26:21,739 INFO (DynamicRoutingDataSource.java:148)- dynamic-datasource - add a datasource named [master] success
2022-11-30 15:26:21,739 INFO (DynamicRoutingDataSource.java:228)- dynamic-datasource initial loaded [2] datasource,primary datasource named [master]
2022-11-30 15:26:22,078 WARN (OpenApiExtensionResolver.java:144)- (Ignores) Failed to read Markdown files,Error Message:class path resource [markdowns/] cannot be resolved to URL because it does not exist 
2022-11-30 15:26:22,079 INFO (AutowiredAnnotationBeanPostProcessor.java:478)- Autowired annotation is not supported on static fields: public static java.lang.String com.ve.blog.config.Knife4jConfig.port
2022-11-30 15:26:22,368 WARN (AbstractApplicationContext.java:596)- Exception encountered during context initialization - cancelling refresh attempt: org.springframework.beans.factory.UnsatisfiedDependencyException: Error creating bean with name 'resourceController': Unsatisfied dependency expressed through field 'resourceService'; nested exception is org.springframework.beans.factory.UnsatisfiedDependencyException: Error creating bean with name 'resourceServiceImpl': Unsatisfied dependency expressed through field 'filterInvocationSecurityMetadataSource'; nested exception is org.springframework.beans.factory.BeanCreationException: Error creating bean with name 'filterInvocationSecurityMetadataSourceImpl': Invocation of init method failed; nested exception is org.springframework.jdbc.BadSqlGrammarException: 
### Error querying database.  Cause: java.sql.SQLSyntaxErrorException: Table 'blog.resource' doesn't exist
### The error may exist in file [/Users/anker/IdeaProjects/ve-blog/blog-springboot/lib-auth/target/classes/mapper/RoleDao.xml]
### The error may involve defaultParameterMap
### The error occurred while setting parameters
### SQL: SELECT          re.id,          url,          request_method,          role_label          FROM          resource re          LEFT JOIN role_resource rep on re.id = rep.resource_id          LEFT JOIN role r on rep.role_id = r.id          WHERE          parent_id is NOT NULL          AND is_anonymous = 0
### Cause: java.sql.SQLSyntaxErrorException: Table 'blog.resource' doesn't exist
; bad SQL grammar []; nested exception is java.sql.SQLSyntaxErrorException: Table 'blog.resource' doesn't exist
2022-11-30 15:26:22,375 INFO (DynamicRoutingDataSource.java:205)- dynamic-datasource start closing ....
2022-11-30 15:26:22,376 INFO (HikariDataSource.java:350)- auth - Shutdown initiated...
2022-11-30 15:26:22,380 INFO (HikariDataSource.java:352)- auth - Shutdown completed.
2022-11-30 15:26:22,381 INFO (HikariDataSource.java:350)- master - Shutdown initiated...
2022-11-30 15:26:22,384 INFO (HikariDataSource.java:352)- master - Shutdown completed.
2022-11-30 15:26:22,384 INFO (DynamicRoutingDataSource.java:209)- dynamic-datasource all closed success,bye
2022-11-30 15:26:22,386 INFO (DirectJDKLog.java:173)- Stopping service [Tomcat]
2022-11-30 15:26:22,391 INFO (ConditionEvaluationReportLoggingListener.java:136)- 

Error starting ApplicationContext. To display the conditions report re-run your application with 'debug' enabled.
2022-11-30 15:26:22,399 ERROR (SpringApplication.java:856)- Application run failed
org.springframework.beans.factory.UnsatisfiedDependencyException: Error creating bean with name 'resourceController': Unsatisfied dependency expressed through field 'resourceService'; nested exception is org.springframework.beans.factory.UnsatisfiedDependencyException: Error creating bean with name 'resourceServiceImpl': Unsatisfied dependency expressed through field 'filterInvocationSecurityMetadataSource'; nested exception is org.springframework.beans.factory.BeanCreationException: Error creating bean with name 'filterInvocationSecurityMetadataSourceImpl': Invocation of init method failed; nested exception is org.springframework.jdbc.BadSqlGrammarException: 
### Error querying database.  Cause: java.sql.SQLSyntaxErrorException: Table 'blog.resource' doesn't exist
### The error may exist in file [/Users/anker/IdeaProjects/ve-blog/blog-springboot/lib-auth/target/classes/mapper/RoleDao.xml]
### The error may involve defaultParameterMap
### The error occurred while setting parameters
### SQL: SELECT          re.id,          url,          request_method,          role_label          FROM          resource re          LEFT JOIN role_resource rep on re.id = rep.resource_id          LEFT JOIN role r on rep.role_id = r.id          WHERE          parent_id is NOT NULL          AND is_anonymous = 0
### Cause: java.sql.SQLSyntaxErrorException: Table 'blog.resource' doesn't exist
; bad SQL grammar []; nested exception is java.sql.SQLSyntaxErrorException: Table 'blog.resource' doesn't exist
	at org.springframework.beans.factory.annotation.AutowiredAnnotationBeanPostProcessor$AutowiredFieldElement.inject(AutowiredAnnotationBeanPostProcessor.java:643)
	at org.springframework.beans.factory.annotation.InjectionMetadata.inject(InjectionMetadata.java:119)
	at org.springframework.beans.factory.annotation.AutowiredAnnotationBeanPostProcessor.postProcessProperties(AutowiredAnnotationBeanPostProcessor.java:399)
	at org.springframework.beans.factory.support.AbstractAutowireCapableBeanFactory.populateBean(AbstractAutowireCapableBeanFactory.java:1415)
	at org.springframework.beans.factory.support.AbstractAutowireCapableBeanFactory.doCreateBean(AbstractAutowireCapableBeanFactory.java:608)
	at org.springframework.beans.factory.support.AbstractAutowireCapableBeanFactory.createBean(AbstractAutowireCapableBeanFactory.java:531)
	at org.springframework.beans.factory.support.AbstractBeanFactory.lambda$doGetBean$0(AbstractBeanFactory.java:335)
	at org.springframework.beans.factory.support.DefaultSingletonBeanRegistry.getSingleton(DefaultSingletonBeanRegistry.java:234)
	at org.springframework.beans.factory.support.AbstractBeanFactory.doGetBean(AbstractBeanFactory.java:333)
	at org.springframework.beans.factory.support.AbstractBeanFactory.getBean(AbstractBeanFactory.java:208)
	at org.springframework.beans.factory.support.DefaultListableBeanFactory.preInstantiateSingletons(DefaultListableBeanFactory.java:944)
	at org.springframework.context.support.AbstractApplicationContext.finishBeanFactoryInitialization(AbstractApplicationContext.java:923)
	at org.springframework.context.support.AbstractApplicationContext.refresh(AbstractApplicationContext.java:588)
	at org.springframework.boot.web.servlet.context.ServletWebServerApplicationContext.refresh(ServletWebServerApplicationContext.java:144)
	at org.springframework.boot.SpringApplication.refresh(SpringApplication.java:767)
	at org.springframework.boot.SpringApplication.refresh(SpringApplication.java:759)
	at org.springframework.boot.SpringApplication.refreshContext(SpringApplication.java:426)
	at org.springframework.boot.SpringApplication.run(SpringApplication.java:326)
	at org.springframework.boot.SpringApplication.run(SpringApplication.java:1309)
	at org.springframework.boot.SpringApplication.run(SpringApplication.java:1298)
	at com.ve.blog.BlogApplication.main(BlogApplication.java:37)
Caused by: org.springframework.beans.factory.UnsatisfiedDependencyException: Error creating bean with name 'resourceServiceImpl': Unsatisfied dependency expressed through field 'filterInvocationSecurityMetadataSource'; nested exception is org.springframework.beans.factory.BeanCreationException: Error creating bean with name 'filterInvocationSecurityMetadataSourceImpl': Invocation of init method failed; nested exception is org.springframework.jdbc.BadSqlGrammarException: 
### Error querying database.  Cause: java.sql.SQLSyntaxErrorException: Table 'blog.resource' doesn't exist
### The error may exist in file [/Users/anker/IdeaProjects/ve-blog/blog-springboot/lib-auth/target/classes/mapper/RoleDao.xml]
### The error may involve defaultParameterMap
### The error occurred while setting parameters
### SQL: SELECT          re.id,          url,          request_method,          role_label          FROM          resource re          LEFT JOIN role_resource rep on re.id = rep.resource_id          LEFT JOIN role r on rep.role_id = r.id          WHERE          parent_id is NOT NULL          AND is_anonymous = 0
### Cause: java.sql.SQLSyntaxErrorException: Table 'blog.resource' doesn't exist
; bad SQL grammar []; nested exception is java.sql.SQLSyntaxErrorException: Table 'blog.resource' doesn't exist
	at org.springframework.beans.factory.annotation.AutowiredAnnotationBeanPostProcessor$AutowiredFieldElement.inject(AutowiredAnnotationBeanPostProcessor.java:643)
	at org.springframework.beans.factory.annotation.InjectionMetadata.inject(InjectionMetadata.java:119)
	at org.springframework.beans.factory.annotation.AutowiredAnnotationBeanPostProcessor.postProcessProperties(AutowiredAnnotationBeanPostProcessor.java:399)
	at org.springframework.beans.factory.support.AbstractAutowireCapableBeanFactory.populateBean(AbstractAutowireCapableBeanFactory.java:1415)
	at org.springframework.beans.factory.support.AbstractAutowireCapableBeanFactory.doCreateBean(AbstractAutowireCapableBeanFactory.java:608)
	at org.springframework.beans.factory.support.AbstractAutowireCapableBeanFactory.createBean(AbstractAutowireCapableBeanFactory.java:531)
	at org.springframework.beans.factory.support.AbstractBeanFactory.lambda$doGetBean$0(AbstractBeanFactory.java:335)
	at org.springframework.beans.factory.support.DefaultSingletonBeanRegistry.getSingleton(DefaultSingletonBeanRegistry.java:234)
	at org.springframework.beans.factory.support.AbstractBeanFactory.doGetBean(AbstractBeanFactory.java:333)
	at org.springframework.beans.factory.support.AbstractBeanFactory.getBean(AbstractBeanFactory.java:208)
	at org.springframework.beans.factory.config.DependencyDescriptor.resolveCandidate(DependencyDescriptor.java:276)
	at org.springframework.beans.factory.support.DefaultListableBeanFactory.doResolveDependency(DefaultListableBeanFactory.java:1367)
	at org.springframework.beans.factory.support.DefaultListableBeanFactory.resolveDependency(DefaultListableBeanFactory.java:1287)
	at org.springframework.beans.factory.annotation.AutowiredAnnotationBeanPostProcessor$AutowiredFieldElement.inject(AutowiredAnnotationBeanPostProcessor.java:640)
	... 20 common frames omitted
Caused by: org.springframework.beans.factory.BeanCreationException: Error creating bean with name 'filterInvocationSecurityMetadataSourceImpl': Invocation of init method failed; nested exception is org.springframework.jdbc.BadSqlGrammarException: 
### Error querying database.  Cause: java.sql.SQLSyntaxErrorException: Table 'blog.resource' doesn't exist
### The error may exist in file [/Users/anker/IdeaProjects/ve-blog/blog-springboot/lib-auth/target/classes/mapper/RoleDao.xml]
### The error may involve defaultParameterMap
### The error occurred while setting parameters
### SQL: SELECT          re.id,          url,          request_method,          role_label          FROM          resource re          LEFT JOIN role_resource rep on re.id = rep.resource_id          LEFT JOIN role r on rep.role_id = r.id          WHERE          parent_id is NOT NULL          AND is_anonymous = 0
### Cause: java.sql.SQLSyntaxErrorException: Table 'blog.resource' doesn't exist
; bad SQL grammar []; nested exception is java.sql.SQLSyntaxErrorException: Table 'blog.resource' doesn't exist
	at org.springframework.beans.factory.annotation.InitDestroyAnnotationBeanPostProcessor.postProcessBeforeInitialization(InitDestroyAnnotationBeanPostProcessor.java:160)
	at org.springframework.beans.factory.support.AbstractAutowireCapableBeanFactory.applyBeanPostProcessorsBeforeInitialization(AbstractAutowireCapableBeanFactory.java:429)
	at org.springframework.beans.factory.support.AbstractAutowireCapableBeanFactory.initializeBean(AbstractAutowireCapableBeanFactory.java:1780)
	at org.springframework.beans.factory.support.AbstractAutowireCapableBeanFactory.doCreateBean(AbstractAutowireCapableBeanFactory.java:609)
	at org.springframework.beans.factory.support.AbstractAutowireCapableBeanFactory.createBean(AbstractAutowireCapableBeanFactory.java:531)
	at org.springframework.beans.factory.support.AbstractBeanFactory.lambda$doGetBean$0(AbstractBeanFactory.java:335)
	at org.springframework.beans.factory.support.DefaultSingletonBeanRegistry.getSingleton(DefaultSingletonBeanRegistry.java:234)
	at org.springframework.beans.factory.support.AbstractBeanFactory.doGetBean(AbstractBeanFactory.java:333)
	at org.springframework.beans.factory.support.AbstractBeanFactory.getBean(AbstractBeanFactory.java:208)
	at org.springframework.beans.factory.config.DependencyDescriptor.resolveCandidate(DependencyDescriptor.java:276)
	at org.springframework.beans.factory.support.DefaultListableBeanFactory.doResolveDependency(DefaultListableBeanFactory.java:1367)
	at org.springframework.beans.factory.support.DefaultListableBeanFactory.resolveDependency(DefaultListableBeanFactory.java:1287)
	at org.springframework.beans.factory.annotation.AutowiredAnnotationBeanPostProcessor$AutowiredFieldElement.inject(AutowiredAnnotationBeanPostProcessor.java:640)
	... 33 common frames omitted
Caused by: org.springframework.jdbc.BadSqlGrammarException: 
### Error querying database.  Cause: java.sql.SQLSyntaxErrorException: Table 'blog.resource' doesn't exist
### The error may exist in file [/Users/anker/IdeaProjects/ve-blog/blog-springboot/lib-auth/target/classes/mapper/RoleDao.xml]
### The error may involve defaultParameterMap
### The error occurred while setting parameters
### SQL: SELECT          re.id,          url,          request_method,          role_label          FROM          resource re          LEFT JOIN role_resource rep on re.id = rep.resource_id          LEFT JOIN role r on rep.role_id = r.id          WHERE          parent_id is NOT NULL          AND is_anonymous = 0
### Cause: java.sql.SQLSyntaxErrorException: Table 'blog.resource' doesn't exist
; bad SQL grammar []; nested exception is java.sql.SQLSyntaxErrorException: Table 'blog.resource' doesn't exist
	at org.springframework.jdbc.support.SQLErrorCodeSQLExceptionTranslator.doTranslate(SQLErrorCodeSQLExceptionTranslator.java:239)
	at org.springframework.jdbc.support.AbstractFallbackSQLExceptionTranslator.translate(AbstractFallbackSQLExceptionTranslator.java:70)
	at org.mybatis.spring.MyBatisExceptionTranslator.translateExceptionIfPossible(MyBatisExceptionTranslator.java:88)
	at org.mybatis.spring.SqlSessionTemplate$SqlSessionInterceptor.invoke(SqlSessionTemplate.java:440)
	at com.sun.proxy.$Proxy121.selectList(Unknown Source)
	at org.mybatis.spring.SqlSessionTemplate.selectList(SqlSessionTemplate.java:223)
	at com.baomidou.mybatisplus.core.override.MybatisMapperMethod.executeForMany(MybatisMapperMethod.java:173)
	at com.baomidou.mybatisplus.core.override.MybatisMapperMethod.execute(MybatisMapperMethod.java:78)
	at com.baomidou.mybatisplus.core.override.MybatisMapperProxy$PlainMethodInvoker.invoke(MybatisMapperProxy.java:148)
	at com.baomidou.mybatisplus.core.override.MybatisMapperProxy.invoke(MybatisMapperProxy.java:89)
	at com.sun.proxy.$Proxy155.listResourceRoles(Unknown Source)
	at java.base/jdk.internal.reflect.NativeMethodAccessorImpl.invoke0(Native Method)
	at java.base/jdk.internal.reflect.NativeMethodAccessorImpl.invoke(NativeMethodAccessorImpl.java:62)
	at java.base/jdk.internal.reflect.DelegatingMethodAccessorImpl.invoke(DelegatingMethodAccessorImpl.java:43)
	at java.base/java.lang.reflect.Method.invoke(Method.java:566)
	at org.springframework.aop.support.AopUtils.invokeJoinpointUsingReflection(AopUtils.java:344)
	at org.springframework.aop.framework.ReflectiveMethodInvocation.invokeJoinpoint(ReflectiveMethodInvocation.java:198)
	at org.springframework.aop.framework.ReflectiveMethodInvocation.proceed(ReflectiveMethodInvocation.java:163)
	at org.springframework.dao.support.PersistenceExceptionTranslationInterceptor.invoke(PersistenceExceptionTranslationInterceptor.java:137)
	at org.springframework.aop.framework.ReflectiveMethodInvocation.proceed(ReflectiveMethodInvocation.java:186)
	at org.springframework.aop.framework.JdkDynamicAopProxy.invoke(JdkDynamicAopProxy.java:215)
	at com.sun.proxy.$Proxy156.listResourceRoles(Unknown Source)
	at com.ve.blog.handler.FilterInvocationSecurityMetadataSourceImpl.loadDataSource(FilterInvocationSecurityMetadataSourceImpl.java:42)
	at java.base/jdk.internal.reflect.NativeMethodAccessorImpl.invoke0(Native Method)
	at java.base/jdk.internal.reflect.NativeMethodAccessorImpl.invoke(NativeMethodAccessorImpl.java:62)
	at java.base/jdk.internal.reflect.DelegatingMethodAccessorImpl.invoke(DelegatingMethodAccessorImpl.java:43)
	at java.base/java.lang.reflect.Method.invoke(Method.java:566)
	at org.springframework.beans.factory.annotation.InitDestroyAnnotationBeanPostProcessor$LifecycleElement.invoke(InitDestroyAnnotationBeanPostProcessor.java:389)
	at org.springframework.beans.factory.annotation.InitDestroyAnnotationBeanPostProcessor$LifecycleMetadata.invokeInitMethods(InitDestroyAnnotationBeanPostProcessor.java:333)
	at org.springframework.beans.factory.annotation.InitDestroyAnnotationBeanPostProcessor.postProcessBeforeInitialization(InitDestroyAnnotationBeanPostProcessor.java:157)
	... 45 common frames omitted
Caused by: java.sql.SQLSyntaxErrorException: Table 'blog.resource' doesn't exist
	at com.mysql.cj.jdbc.exceptions.SQLError.createSQLException(SQLError.java:120)
	at com.mysql.cj.jdbc.exceptions.SQLError.createSQLException(SQLError.java:97)
	at com.mysql.cj.jdbc.exceptions.SQLExceptionsMapping.translateException(SQLExceptionsMapping.java:122)
	at com.mysql.cj.jdbc.ClientPreparedStatement.executeInternal(ClientPreparedStatement.java:953)
	at com.mysql.cj.jdbc.ClientPreparedStatement.execute(ClientPreparedStatement.java:370)
	at com.zaxxer.hikari.pool.ProxyPreparedStatement.execute(ProxyPreparedStatement.java:44)
	at com.zaxxer.hikari.pool.HikariProxyPreparedStatement.execute(HikariProxyPreparedStatement.java)
	at java.base/jdk.internal.reflect.NativeMethodAccessorImpl.invoke0(Native Method)
	at java.base/jdk.internal.reflect.NativeMethodAccessorImpl.invoke(NativeMethodAccessorImpl.java:62)
	at java.base/jdk.internal.reflect.DelegatingMethodAccessorImpl.invoke(DelegatingMethodAccessorImpl.java:43)
	at java.base/java.lang.reflect.Method.invoke(Method.java:566)
	at org.apache.ibatis.logging.jdbc.PreparedStatementLogger.invoke(PreparedStatementLogger.java:59)
	at com.sun.proxy.$Proxy160.execute(Unknown Source)
	at org.apache.ibatis.executor.statement.PreparedStatementHandler.query(PreparedStatementHandler.java:64)
	at org.apache.ibatis.executor.statement.RoutingStatementHandler.query(RoutingStatementHandler.java:79)
	at java.base/jdk.internal.reflect.NativeMethodAccessorImpl.invoke0(Native Method)
	at java.base/jdk.internal.reflect.NativeMethodAccessorImpl.invoke(NativeMethodAccessorImpl.java:62)
	at java.base/jdk.internal.reflect.DelegatingMethodAccessorImpl.invoke(DelegatingMethodAccessorImpl.java:43)
	at java.base/java.lang.reflect.Method.invoke(Method.java:566)
	at org.apache.ibatis.plugin.Plugin.invoke(Plugin.java:63)
	at com.sun.proxy.$Proxy158.query(Unknown Source)
	at com.baomidou.mybatisplus.core.executor.MybatisSimpleExecutor.doQuery(MybatisSimpleExecutor.java:69)
	at org.apache.ibatis.executor.BaseExecutor.queryFromDatabase(BaseExecutor.java:325)
	at org.apache.ibatis.executor.BaseExecutor.query(BaseExecutor.java:156)
	at com.baomidou.mybatisplus.core.executor.MybatisCachingExecutor.query(MybatisCachingExecutor.java:165)
	at com.baomidou.mybatisplus.extension.plugins.MybatisPlusInterceptor.intercept(MybatisPlusInterceptor.java:64)
	at org.apache.ibatis.plugin.Plugin.invoke(Plugin.java:61)
	at com.sun.proxy.$Proxy157.query(Unknown Source)
	at org.apache.ibatis.session.defaults.DefaultSqlSession.selectList(DefaultSqlSession.java:147)
	at org.apache.ibatis.session.defaults.DefaultSqlSession.selectList(DefaultSqlSession.java:140)
	at java.base/jdk.internal.reflect.NativeMethodAccessorImpl.invoke0(Native Method)
	at java.base/jdk.internal.reflect.NativeMethodAccessorImpl.invoke(NativeMethodAccessorImpl.java:62)
	at java.base/jdk.internal.reflect.DelegatingMethodAccessorImpl.invoke(DelegatingMethodAccessorImpl.java:43)
	at java.base/java.lang.reflect.Method.invoke(Method.java:566)
	at org.mybatis.spring.SqlSessionTemplate$SqlSessionInterceptor.invoke(SqlSessionTemplate.java:426)
	... 71 common frames omitted
2022-11-30 15:27:23,247 INFO (Version.java:21)- HV000001: Hibernate Validator 6.1.6.Final
2022-11-30 15:27:23,257 INFO (StartupInfoLogger.java:55)- Starting BlogApplication using Java 11.0.17 on Bad-MacBook-Air.local with PID 79080 (/Users/anker/IdeaProjects/ve-blog/blog-springboot/app/target/classes started by anker in /Users/anker/IdeaProjects/ve-blog)
2022-11-30 15:27:23,258 INFO (SpringApplication.java:664)- The following profiles are active: dev,auth,msg,upload
2022-11-30 15:27:23,854 INFO (RepositoryConfigurationDelegate.java:250)- Multiple Spring Data modules found, entering strict repository configuration mode!
2022-11-30 15:27:23,860 INFO (RepositoryConfigurationDelegate.java:128)- Bootstrapping Spring Data Elasticsearch repositories in DEFAULT mode.
2022-11-30 15:27:23,911 INFO (RepositoryConfigurationDelegate.java:188)- Finished Spring Data repository scanning in 49 ms. Found 1 Elasticsearch repository interfaces.
2022-11-30 15:27:23,914 INFO (RepositoryConfigurationDelegate.java:250)- Multiple Spring Data modules found, entering strict repository configuration mode!
2022-11-30 15:27:23,914 INFO (RepositoryConfigurationDelegate.java:128)- Bootstrapping Spring Data Reactive Elasticsearch repositories in DEFAULT mode.
2022-11-30 15:27:23,926 INFO (RepositoryConfigurationDelegate.java:188)- Finished Spring Data repository scanning in 11 ms. Found 0 Reactive Elasticsearch repository interfaces.
2022-11-30 15:27:23,934 INFO (RepositoryConfigurationDelegate.java:250)- Multiple Spring Data modules found, entering strict repository configuration mode!
2022-11-30 15:27:23,934 INFO (RepositoryConfigurationDelegate.java:128)- Bootstrapping Spring Data Redis repositories in DEFAULT mode.
2022-11-30 15:27:23,958 INFO (RepositoryConfigurationExtensionSupport.java:349)- Spring Data Redis - Could not safely identify store assignment for repository candidate interface com.ve.blog.dao.ElasticsearchDao. If you want this repository to be a Redis repository, consider annotating your entities with one of these annotations: org.springframework.data.redis.core.RedisHash (preferred), or consider extending one of the following types with your repository: org.springframework.data.keyvalue.repository.KeyValueRepository.
2022-11-30 15:27:23,958 INFO (RepositoryConfigurationDelegate.java:188)- Finished Spring Data repository scanning in 13 ms. Found 0 Redis repository interfaces.
2022-11-30 15:27:24,014 WARN (Logger.java:44)- Skipping MapperFactoryBean with name 'elasticsearchDao' and 'com.ve.blog.dao.ElasticsearchDao' mapperInterface. Bean already defined with the same name!
2022-11-30 15:27:24,173 INFO (PostProcessorRegistrationDelegate.java:350)- Bean 'spring.datasource.dynamic-com.baomidou.dynamic.datasource.spring.boot.autoconfigure.DynamicDataSourceProperties' of type [com.baomidou.dynamic.datasource.spring.boot.autoconfigure.DynamicDataSourceProperties] is not eligible for getting processed by all BeanPostProcessors (for example: not eligible for auto-proxying)
2022-11-30 15:27:24,177 INFO (PostProcessorRegistrationDelegate.java:350)- Bean 'com.baomidou.dynamic.datasource.spring.boot.autoconfigure.DynamicDataSourceAutoConfiguration' of type [com.baomidou.dynamic.datasource.spring.boot.autoconfigure.DynamicDataSourceAutoConfiguration$$EnhancerBySpringCGLIB$$8d530b84] is not eligible for getting processed by all BeanPostProcessors (for example: not eligible for auto-proxying)
2022-11-30 15:27:24,187 INFO (PostProcessorRegistrationDelegate.java:350)- Bean 'dsProcessor' of type [com.baomidou.dynamic.datasource.processor.DsHeaderProcessor] is not eligible for getting processed by all BeanPostProcessors (for example: not eligible for auto-proxying)
2022-11-30 15:27:24,332 INFO (TomcatWebServer.java:108)- Tomcat initialized with port(s): 8088 (http)
2022-11-30 15:27:24,337 INFO (DirectJDKLog.java:173)- Initializing ProtocolHandler ["http-nio-8088"]
2022-11-30 15:27:24,337 INFO (DirectJDKLog.java:173)- Starting service [Tomcat]
2022-11-30 15:27:24,337 INFO (DirectJDKLog.java:173)- Starting Servlet engine: [Apache Tomcat/9.0.41]
2022-11-30 15:27:24,384 INFO (DirectJDKLog.java:173)- Initializing Spring embedded WebApplicationContext
2022-11-30 15:27:24,384 INFO (ServletWebServerApplicationContext.java:289)- Root WebApplicationContext: initialization completed in 1104 ms
2022-11-30 15:27:24,515 INFO (HikariDataSource.java:80)- master - Starting...
2022-11-30 15:27:24,655 INFO (HikariDataSource.java:82)- master - Start completed.
2022-11-30 15:27:24,656 INFO (HikariDataSource.java:80)- auth - Starting...
2022-11-30 15:27:24,684 INFO (HikariDataSource.java:82)- auth - Start completed.
2022-11-30 15:27:24,684 INFO (DynamicRoutingDataSource.java:148)- dynamic-datasource - add a datasource named [auth] success
2022-11-30 15:27:24,684 INFO (DynamicRoutingDataSource.java:148)- dynamic-datasource - add a datasource named [master] success
2022-11-30 15:27:24,684 INFO (DynamicRoutingDataSource.java:228)- dynamic-datasource initial loaded [2] datasource,primary datasource named [master]
2022-11-30 15:27:25,044 WARN (OpenApiExtensionResolver.java:144)- (Ignores) Failed to read Markdown files,Error Message:class path resource [markdowns/] cannot be resolved to URL because it does not exist 
2022-11-30 15:27:25,045 INFO (AutowiredAnnotationBeanPostProcessor.java:478)- Autowired annotation is not supported on static fields: public static java.lang.String com.ve.blog.config.Knife4jConfig.port
2022-11-30 15:27:25,340 WARN (AbstractApplicationContext.java:596)- Exception encountered during context initialization - cancelling refresh attempt: org.springframework.beans.factory.UnsatisfiedDependencyException: Error creating bean with name 'resourceController': Unsatisfied dependency expressed through field 'resourceService'; nested exception is org.springframework.beans.factory.UnsatisfiedDependencyException: Error creating bean with name 'resourceServiceImpl': Unsatisfied dependency expressed through field 'filterInvocationSecurityMetadataSource'; nested exception is org.springframework.beans.factory.BeanCreationException: Error creating bean with name 'filterInvocationSecurityMetadataSourceImpl': Invocation of init method failed; nested exception is org.springframework.jdbc.BadSqlGrammarException: 
### Error querying database.  Cause: java.sql.SQLSyntaxErrorException: Table 'blog.resource' doesn't exist
### The error may exist in file [/Users/anker/IdeaProjects/ve-blog/blog-springboot/lib-auth/target/classes/mapper/RoleDao.xml]
### The error may involve defaultParameterMap
### The error occurred while setting parameters
### SQL: SELECT          re.id,          url,          request_method,          role_label          FROM          resource re          LEFT JOIN role_resource rep on re.id = rep.resource_id          LEFT JOIN role r on rep.role_id = r.id          WHERE          parent_id is NOT NULL          AND is_anonymous = 0
### Cause: java.sql.SQLSyntaxErrorException: Table 'blog.resource' doesn't exist
; bad SQL grammar []; nested exception is java.sql.SQLSyntaxErrorException: Table 'blog.resource' doesn't exist
2022-11-30 15:27:25,347 INFO (DynamicRoutingDataSource.java:205)- dynamic-datasource start closing ....
2022-11-30 15:27:25,347 INFO (HikariDataSource.java:350)- auth - Shutdown initiated...
2022-11-30 15:27:25,353 INFO (HikariDataSource.java:352)- auth - Shutdown completed.
2022-11-30 15:27:25,353 INFO (HikariDataSource.java:350)- master - Shutdown initiated...
2022-11-30 15:27:25,357 INFO (HikariDataSource.java:352)- master - Shutdown completed.
2022-11-30 15:27:25,357 INFO (DynamicRoutingDataSource.java:209)- dynamic-datasource all closed success,bye
2022-11-30 15:27:25,358 INFO (DirectJDKLog.java:173)- Stopping service [Tomcat]
2022-11-30 15:27:25,364 INFO (ConditionEvaluationReportLoggingListener.java:136)- 

Error starting ApplicationContext. To display the conditions report re-run your application with 'debug' enabled.
2022-11-30 15:27:25,371 ERROR (SpringApplication.java:856)- Application run failed
org.springframework.beans.factory.UnsatisfiedDependencyException: Error creating bean with name 'resourceController': Unsatisfied dependency expressed through field 'resourceService'; nested exception is org.springframework.beans.factory.UnsatisfiedDependencyException: Error creating bean with name 'resourceServiceImpl': Unsatisfied dependency expressed through field 'filterInvocationSecurityMetadataSource'; nested exception is org.springframework.beans.factory.BeanCreationException: Error creating bean with name 'filterInvocationSecurityMetadataSourceImpl': Invocation of init method failed; nested exception is org.springframework.jdbc.BadSqlGrammarException: 
### Error querying database.  Cause: java.sql.SQLSyntaxErrorException: Table 'blog.resource' doesn't exist
### The error may exist in file [/Users/anker/IdeaProjects/ve-blog/blog-springboot/lib-auth/target/classes/mapper/RoleDao.xml]
### The error may involve defaultParameterMap
### The error occurred while setting parameters
### SQL: SELECT          re.id,          url,          request_method,          role_label          FROM          resource re          LEFT JOIN role_resource rep on re.id = rep.resource_id          LEFT JOIN role r on rep.role_id = r.id          WHERE          parent_id is NOT NULL          AND is_anonymous = 0
### Cause: java.sql.SQLSyntaxErrorException: Table 'blog.resource' doesn't exist
; bad SQL grammar []; nested exception is java.sql.SQLSyntaxErrorException: Table 'blog.resource' doesn't exist
	at org.springframework.beans.factory.annotation.AutowiredAnnotationBeanPostProcessor$AutowiredFieldElement.inject(AutowiredAnnotationBeanPostProcessor.java:643)
	at org.springframework.beans.factory.annotation.InjectionMetadata.inject(InjectionMetadata.java:119)
	at org.springframework.beans.factory.annotation.AutowiredAnnotationBeanPostProcessor.postProcessProperties(AutowiredAnnotationBeanPostProcessor.java:399)
	at org.springframework.beans.factory.support.AbstractAutowireCapableBeanFactory.populateBean(AbstractAutowireCapableBeanFactory.java:1415)
	at org.springframework.beans.factory.support.AbstractAutowireCapableBeanFactory.doCreateBean(AbstractAutowireCapableBeanFactory.java:608)
	at org.springframework.beans.factory.support.AbstractAutowireCapableBeanFactory.createBean(AbstractAutowireCapableBeanFactory.java:531)
	at org.springframework.beans.factory.support.AbstractBeanFactory.lambda$doGetBean$0(AbstractBeanFactory.java:335)
	at org.springframework.beans.factory.support.DefaultSingletonBeanRegistry.getSingleton(DefaultSingletonBeanRegistry.java:234)
	at org.springframework.beans.factory.support.AbstractBeanFactory.doGetBean(AbstractBeanFactory.java:333)
	at org.springframework.beans.factory.support.AbstractBeanFactory.getBean(AbstractBeanFactory.java:208)
	at org.springframework.beans.factory.support.DefaultListableBeanFactory.preInstantiateSingletons(DefaultListableBeanFactory.java:944)
	at org.springframework.context.support.AbstractApplicationContext.finishBeanFactoryInitialization(AbstractApplicationContext.java:923)
	at org.springframework.context.support.AbstractApplicationContext.refresh(AbstractApplicationContext.java:588)
	at org.springframework.boot.web.servlet.context.ServletWebServerApplicationContext.refresh(ServletWebServerApplicationContext.java:144)
	at org.springframework.boot.SpringApplication.refresh(SpringApplication.java:767)
	at org.springframework.boot.SpringApplication.refresh(SpringApplication.java:759)
	at org.springframework.boot.SpringApplication.refreshContext(SpringApplication.java:426)
	at org.springframework.boot.SpringApplication.run(SpringApplication.java:326)
	at org.springframework.boot.SpringApplication.run(SpringApplication.java:1309)
	at org.springframework.boot.SpringApplication.run(SpringApplication.java:1298)
	at com.ve.blog.BlogApplication.main(BlogApplication.java:37)
Caused by: org.springframework.beans.factory.UnsatisfiedDependencyException: Error creating bean with name 'resourceServiceImpl': Unsatisfied dependency expressed through field 'filterInvocationSecurityMetadataSource'; nested exception is org.springframework.beans.factory.BeanCreationException: Error creating bean with name 'filterInvocationSecurityMetadataSourceImpl': Invocation of init method failed; nested exception is org.springframework.jdbc.BadSqlGrammarException: 
### Error querying database.  Cause: java.sql.SQLSyntaxErrorException: Table 'blog.resource' doesn't exist
### The error may exist in file [/Users/anker/IdeaProjects/ve-blog/blog-springboot/lib-auth/target/classes/mapper/RoleDao.xml]
### The error may involve defaultParameterMap
### The error occurred while setting parameters
### SQL: SELECT          re.id,          url,          request_method,          role_label          FROM          resource re          LEFT JOIN role_resource rep on re.id = rep.resource_id          LEFT JOIN role r on rep.role_id = r.id          WHERE          parent_id is NOT NULL          AND is_anonymous = 0
### Cause: java.sql.SQLSyntaxErrorException: Table 'blog.resource' doesn't exist
; bad SQL grammar []; nested exception is java.sql.SQLSyntaxErrorException: Table 'blog.resource' doesn't exist
	at org.springframework.beans.factory.annotation.AutowiredAnnotationBeanPostProcessor$AutowiredFieldElement.inject(AutowiredAnnotationBeanPostProcessor.java:643)
	at org.springframework.beans.factory.annotation.InjectionMetadata.inject(InjectionMetadata.java:119)
	at org.springframework.beans.factory.annotation.AutowiredAnnotationBeanPostProcessor.postProcessProperties(AutowiredAnnotationBeanPostProcessor.java:399)
	at org.springframework.beans.factory.support.AbstractAutowireCapableBeanFactory.populateBean(AbstractAutowireCapableBeanFactory.java:1415)
	at org.springframework.beans.factory.support.AbstractAutowireCapableBeanFactory.doCreateBean(AbstractAutowireCapableBeanFactory.java:608)
	at org.springframework.beans.factory.support.AbstractAutowireCapableBeanFactory.createBean(AbstractAutowireCapableBeanFactory.java:531)
	at org.springframework.beans.factory.support.AbstractBeanFactory.lambda$doGetBean$0(AbstractBeanFactory.java:335)
	at org.springframework.beans.factory.support.DefaultSingletonBeanRegistry.getSingleton(DefaultSingletonBeanRegistry.java:234)
	at org.springframework.beans.factory.support.AbstractBeanFactory.doGetBean(AbstractBeanFactory.java:333)
	at org.springframework.beans.factory.support.AbstractBeanFactory.getBean(AbstractBeanFactory.java:208)
	at org.springframework.beans.factory.config.DependencyDescriptor.resolveCandidate(DependencyDescriptor.java:276)
	at org.springframework.beans.factory.support.DefaultListableBeanFactory.doResolveDependency(DefaultListableBeanFactory.java:1367)
	at org.springframework.beans.factory.support.DefaultListableBeanFactory.resolveDependency(DefaultListableBeanFactory.java:1287)
	at org.springframework.beans.factory.annotation.AutowiredAnnotationBeanPostProcessor$AutowiredFieldElement.inject(AutowiredAnnotationBeanPostProcessor.java:640)
	... 20 common frames omitted
Caused by: org.springframework.beans.factory.BeanCreationException: Error creating bean with name 'filterInvocationSecurityMetadataSourceImpl': Invocation of init method failed; nested exception is org.springframework.jdbc.BadSqlGrammarException: 
### Error querying database.  Cause: java.sql.SQLSyntaxErrorException: Table 'blog.resource' doesn't exist
### The error may exist in file [/Users/anker/IdeaProjects/ve-blog/blog-springboot/lib-auth/target/classes/mapper/RoleDao.xml]
### The error may involve defaultParameterMap
### The error occurred while setting parameters
### SQL: SELECT          re.id,          url,          request_method,          role_label          FROM          resource re          LEFT JOIN role_resource rep on re.id = rep.resource_id          LEFT JOIN role r on rep.role_id = r.id          WHERE          parent_id is NOT NULL          AND is_anonymous = 0
### Cause: java.sql.SQLSyntaxErrorException: Table 'blog.resource' doesn't exist
; bad SQL grammar []; nested exception is java.sql.SQLSyntaxErrorException: Table 'blog.resource' doesn't exist
	at org.springframework.beans.factory.annotation.InitDestroyAnnotationBeanPostProcessor.postProcessBeforeInitialization(InitDestroyAnnotationBeanPostProcessor.java:160)
	at org.springframework.beans.factory.support.AbstractAutowireCapableBeanFactory.applyBeanPostProcessorsBeforeInitialization(AbstractAutowireCapableBeanFactory.java:429)
	at org.springframework.beans.factory.support.AbstractAutowireCapableBeanFactory.initializeBean(AbstractAutowireCapableBeanFactory.java:1780)
	at org.springframework.beans.factory.support.AbstractAutowireCapableBeanFactory.doCreateBean(AbstractAutowireCapableBeanFactory.java:609)
	at org.springframework.beans.factory.support.AbstractAutowireCapableBeanFactory.createBean(AbstractAutowireCapableBeanFactory.java:531)
	at org.springframework.beans.factory.support.AbstractBeanFactory.lambda$doGetBean$0(AbstractBeanFactory.java:335)
	at org.springframework.beans.factory.support.DefaultSingletonBeanRegistry.getSingleton(DefaultSingletonBeanRegistry.java:234)
	at org.springframework.beans.factory.support.AbstractBeanFactory.doGetBean(AbstractBeanFactory.java:333)
	at org.springframework.beans.factory.support.AbstractBeanFactory.getBean(AbstractBeanFactory.java:208)
	at org.springframework.beans.factory.config.DependencyDescriptor.resolveCandidate(DependencyDescriptor.java:276)
	at org.springframework.beans.factory.support.DefaultListableBeanFactory.doResolveDependency(DefaultListableBeanFactory.java:1367)
	at org.springframework.beans.factory.support.DefaultListableBeanFactory.resolveDependency(DefaultListableBeanFactory.java:1287)
	at org.springframework.beans.factory.annotation.AutowiredAnnotationBeanPostProcessor$AutowiredFieldElement.inject(AutowiredAnnotationBeanPostProcessor.java:640)
	... 33 common frames omitted
Caused by: org.springframework.jdbc.BadSqlGrammarException: 
### Error querying database.  Cause: java.sql.SQLSyntaxErrorException: Table 'blog.resource' doesn't exist
### The error may exist in file [/Users/anker/IdeaProjects/ve-blog/blog-springboot/lib-auth/target/classes/mapper/RoleDao.xml]
### The error may involve defaultParameterMap
### The error occurred while setting parameters
### SQL: SELECT          re.id,          url,          request_method,          role_label          FROM          resource re          LEFT JOIN role_resource rep on re.id = rep.resource_id          LEFT JOIN role r on rep.role_id = r.id          WHERE          parent_id is NOT NULL          AND is_anonymous = 0
### Cause: java.sql.SQLSyntaxErrorException: Table 'blog.resource' doesn't exist
; bad SQL grammar []; nested exception is java.sql.SQLSyntaxErrorException: Table 'blog.resource' doesn't exist
	at org.springframework.jdbc.support.SQLErrorCodeSQLExceptionTranslator.doTranslate(SQLErrorCodeSQLExceptionTranslator.java:239)
	at org.springframework.jdbc.support.AbstractFallbackSQLExceptionTranslator.translate(AbstractFallbackSQLExceptionTranslator.java:70)
	at org.mybatis.spring.MyBatisExceptionTranslator.translateExceptionIfPossible(MyBatisExceptionTranslator.java:88)
	at org.mybatis.spring.SqlSessionTemplate$SqlSessionInterceptor.invoke(SqlSessionTemplate.java:440)
	at com.sun.proxy.$Proxy121.selectList(Unknown Source)
	at org.mybatis.spring.SqlSessionTemplate.selectList(SqlSessionTemplate.java:223)
	at com.baomidou.mybatisplus.core.override.MybatisMapperMethod.executeForMany(MybatisMapperMethod.java:173)
	at com.baomidou.mybatisplus.core.override.MybatisMapperMethod.execute(MybatisMapperMethod.java:78)
	at com.baomidou.mybatisplus.core.override.MybatisMapperProxy$PlainMethodInvoker.invoke(MybatisMapperProxy.java:148)
	at com.baomidou.mybatisplus.core.override.MybatisMapperProxy.invoke(MybatisMapperProxy.java:89)
	at com.sun.proxy.$Proxy155.listResourceRoles(Unknown Source)
	at java.base/jdk.internal.reflect.NativeMethodAccessorImpl.invoke0(Native Method)
	at java.base/jdk.internal.reflect.NativeMethodAccessorImpl.invoke(NativeMethodAccessorImpl.java:62)
	at java.base/jdk.internal.reflect.DelegatingMethodAccessorImpl.invoke(DelegatingMethodAccessorImpl.java:43)
	at java.base/java.lang.reflect.Method.invoke(Method.java:566)
	at org.springframework.aop.support.AopUtils.invokeJoinpointUsingReflection(AopUtils.java:344)
	at org.springframework.aop.framework.ReflectiveMethodInvocation.invokeJoinpoint(ReflectiveMethodInvocation.java:198)
	at org.springframework.aop.framework.ReflectiveMethodInvocation.proceed(ReflectiveMethodInvocation.java:163)
	at org.springframework.dao.support.PersistenceExceptionTranslationInterceptor.invoke(PersistenceExceptionTranslationInterceptor.java:137)
	at org.springframework.aop.framework.ReflectiveMethodInvocation.proceed(ReflectiveMethodInvocation.java:186)
	at org.springframework.aop.framework.JdkDynamicAopProxy.invoke(JdkDynamicAopProxy.java:215)
	at com.sun.proxy.$Proxy156.listResourceRoles(Unknown Source)
	at com.ve.blog.handler.FilterInvocationSecurityMetadataSourceImpl.loadDataSource(FilterInvocationSecurityMetadataSourceImpl.java:42)
	at java.base/jdk.internal.reflect.NativeMethodAccessorImpl.invoke0(Native Method)
	at java.base/jdk.internal.reflect.NativeMethodAccessorImpl.invoke(NativeMethodAccessorImpl.java:62)
	at java.base/jdk.internal.reflect.DelegatingMethodAccessorImpl.invoke(DelegatingMethodAccessorImpl.java:43)
	at java.base/java.lang.reflect.Method.invoke(Method.java:566)
	at org.springframework.beans.factory.annotation.InitDestroyAnnotationBeanPostProcessor$LifecycleElement.invoke(InitDestroyAnnotationBeanPostProcessor.java:389)
	at org.springframework.beans.factory.annotation.InitDestroyAnnotationBeanPostProcessor$LifecycleMetadata.invokeInitMethods(InitDestroyAnnotationBeanPostProcessor.java:333)
	at org.springframework.beans.factory.annotation.InitDestroyAnnotationBeanPostProcessor.postProcessBeforeInitialization(InitDestroyAnnotationBeanPostProcessor.java:157)
	... 45 common frames omitted
Caused by: java.sql.SQLSyntaxErrorException: Table 'blog.resource' doesn't exist
	at com.mysql.cj.jdbc.exceptions.SQLError.createSQLException(SQLError.java:120)
	at com.mysql.cj.jdbc.exceptions.SQLError.createSQLException(SQLError.java:97)
	at com.mysql.cj.jdbc.exceptions.SQLExceptionsMapping.translateException(SQLExceptionsMapping.java:122)
	at com.mysql.cj.jdbc.ClientPreparedStatement.executeInternal(ClientPreparedStatement.java:953)
	at com.mysql.cj.jdbc.ClientPreparedStatement.execute(ClientPreparedStatement.java:370)
	at com.zaxxer.hikari.pool.ProxyPreparedStatement.execute(ProxyPreparedStatement.java:44)
	at com.zaxxer.hikari.pool.HikariProxyPreparedStatement.execute(HikariProxyPreparedStatement.java)
	at java.base/jdk.internal.reflect.NativeMethodAccessorImpl.invoke0(Native Method)
	at java.base/jdk.internal.reflect.NativeMethodAccessorImpl.invoke(NativeMethodAccessorImpl.java:62)
	at java.base/jdk.internal.reflect.DelegatingMethodAccessorImpl.invoke(DelegatingMethodAccessorImpl.java:43)
	at java.base/java.lang.reflect.Method.invoke(Method.java:566)
	at org.apache.ibatis.logging.jdbc.PreparedStatementLogger.invoke(PreparedStatementLogger.java:59)
	at com.sun.proxy.$Proxy160.execute(Unknown Source)
	at org.apache.ibatis.executor.statement.PreparedStatementHandler.query(PreparedStatementHandler.java:64)
	at org.apache.ibatis.executor.statement.RoutingStatementHandler.query(RoutingStatementHandler.java:79)
	at java.base/jdk.internal.reflect.NativeMethodAccessorImpl.invoke0(Native Method)
	at java.base/jdk.internal.reflect.NativeMethodAccessorImpl.invoke(NativeMethodAccessorImpl.java:62)
	at java.base/jdk.internal.reflect.DelegatingMethodAccessorImpl.invoke(DelegatingMethodAccessorImpl.java:43)
	at java.base/java.lang.reflect.Method.invoke(Method.java:566)
	at org.apache.ibatis.plugin.Plugin.invoke(Plugin.java:63)
	at com.sun.proxy.$Proxy158.query(Unknown Source)
	at com.baomidou.mybatisplus.core.executor.MybatisSimpleExecutor.doQuery(MybatisSimpleExecutor.java:69)
	at org.apache.ibatis.executor.BaseExecutor.queryFromDatabase(BaseExecutor.java:325)
	at org.apache.ibatis.executor.BaseExecutor.query(BaseExecutor.java:156)
	at com.baomidou.mybatisplus.core.executor.MybatisCachingExecutor.query(MybatisCachingExecutor.java:165)
	at com.baomidou.mybatisplus.extension.plugins.MybatisPlusInterceptor.intercept(MybatisPlusInterceptor.java:64)
	at org.apache.ibatis.plugin.Plugin.invoke(Plugin.java:61)
	at com.sun.proxy.$Proxy157.query(Unknown Source)
	at org.apache.ibatis.session.defaults.DefaultSqlSession.selectList(DefaultSqlSession.java:147)
	at org.apache.ibatis.session.defaults.DefaultSqlSession.selectList(DefaultSqlSession.java:140)
	at java.base/jdk.internal.reflect.NativeMethodAccessorImpl.invoke0(Native Method)
	at java.base/jdk.internal.reflect.NativeMethodAccessorImpl.invoke(NativeMethodAccessorImpl.java:62)
	at java.base/jdk.internal.reflect.DelegatingMethodAccessorImpl.invoke(DelegatingMethodAccessorImpl.java:43)
	at java.base/java.lang.reflect.Method.invoke(Method.java:566)
	at org.mybatis.spring.SqlSessionTemplate$SqlSessionInterceptor.invoke(SqlSessionTemplate.java:426)
	... 71 common frames omitted
